2020-05-28 18:32:06.923 a1cdb5ab-f57a-41de-aed3-63a63ce30729,0: simple.SimpleObject:4 by sven, name: [NEW] -> Foo
2020-05-28 18:32:06.925 a1cdb5ab-f57a-41de-aed3-63a63ce30729,0: simple.SimpleObject:4 by sven, notes: [NEW] -> null
2020-05-28 18:32:06.925 a1cdb5ab-f57a-41de-aed3-63a63ce30729,0: simple.SimpleObject:5 by sven, name: [NEW] -> Bar
2020-05-28 18:32:06.925 a1cdb5ab-f57a-41de-aed3-63a63ce30729,0: simple.SimpleObject:5 by sven, notes: [NEW] -> null
2020-05-28 18:32:06.925 a1cdb5ab-f57a-41de-aed3-63a63ce30729,0: simple.SimpleObject:6 by sven, name: [NEW] -> Baz
2020-05-28 18:32:06.925 a1cdb5ab-f57a-41de-aed3-63a63ce30729,0: simple.SimpleObject:6 by sven, notes: [NEW] -> null
2020-05-28 18:32:06.925 a1cdb5ab-f57a-41de-aed3-63a63ce30729,0: simple.SimpleObject:7 by sven, name: [NEW] -> Frodo
2020-05-28 18:32:06.925 a1cdb5ab-f57a-41de-aed3-63a63ce30729,0: simple.SimpleObject:7 by sven, notes: [NEW] -> null
2020-05-28 18:32:06.925 a1cdb5ab-f57a-41de-aed3-63a63ce30729,0: simple.SimpleObject:8 by sven, name: [NEW] -> Froyo
2020-05-28 18:32:06.925 a1cdb5ab-f57a-41de-aed3-63a63ce30729,0: simple.SimpleObject:8 by sven, notes: [NEW] -> null
2020-05-28 18:32:06.925 a1cdb5ab-f57a-41de-aed3-63a63ce30729,0: simple.SimpleObject:9 by sven, name: [NEW] -> Fizz
2020-05-28 18:32:06.925 a1cdb5ab-f57a-41de-aed3-63a63ce30729,0: simple.SimpleObject:9 by sven, notes: [NEW] -> null
2020-05-28 18:32:06.925 a1cdb5ab-f57a-41de-aed3-63a63ce30729,0: simple.SimpleObject:10 by sven, name: [NEW] -> Bip
2020-05-28 18:32:06.925 a1cdb5ab-f57a-41de-aed3-63a63ce30729,0: simple.SimpleObject:10 by sven, notes: [NEW] -> null
2020-05-28 18:32:06.925 a1cdb5ab-f57a-41de-aed3-63a63ce30729,0: simple.SimpleObject:11 by sven, name: [NEW] -> Bop
2020-05-28 18:32:06.925 a1cdb5ab-f57a-41de-aed3-63a63ce30729,0: simple.SimpleObject:11 by sven, notes: [NEW] -> null
2020-05-28 18:32:06.925 a1cdb5ab-f57a-41de-aed3-63a63ce30729,0: simple.SimpleObject:12 by sven, name: [NEW] -> Bang
2020-05-28 18:32:06.925 a1cdb5ab-f57a-41de-aed3-63a63ce30729,0: simple.SimpleObject:12 by sven, notes: [NEW] -> null
2020-05-28 18:32:06.925 a1cdb5ab-f57a-41de-aed3-63a63ce30729,0: simple.SimpleObject:13 by sven, name: [NEW] -> Boo
2020-05-28 18:32:06.925 a1cdb5ab-f57a-41de-aed3-63a63ce30729,0: simple.SimpleObject:13 by sven, notes: [NEW] -> null
2020-05-28 18:41:57.987 41a10f8c-df5a-4271-95a8-1a0f23da3ecb,0: simple.SimpleObject:14 by sven, name: [NEW] -> Foo
2020-05-28 18:41:57.988 41a10f8c-df5a-4271-95a8-1a0f23da3ecb,0: simple.SimpleObject:14 by sven, notes: [NEW] -> null
2020-05-28 18:41:57.988 41a10f8c-df5a-4271-95a8-1a0f23da3ecb,0: simple.SimpleObject:15 by sven, name: [NEW] -> Bar
2020-05-28 18:41:57.988 41a10f8c-df5a-4271-95a8-1a0f23da3ecb,0: simple.SimpleObject:15 by sven, notes: [NEW] -> null
2020-05-28 18:41:57.988 41a10f8c-df5a-4271-95a8-1a0f23da3ecb,0: simple.SimpleObject:16 by sven, name: [NEW] -> Baz
2020-05-28 18:41:57.988 41a10f8c-df5a-4271-95a8-1a0f23da3ecb,0: simple.SimpleObject:16 by sven, notes: [NEW] -> null
2020-05-28 18:41:57.988 41a10f8c-df5a-4271-95a8-1a0f23da3ecb,0: simple.SimpleObject:17 by sven, name: [NEW] -> Frodo
2020-05-28 18:41:57.988 41a10f8c-df5a-4271-95a8-1a0f23da3ecb,0: simple.SimpleObject:17 by sven, notes: [NEW] -> null
2020-05-28 18:41:57.988 41a10f8c-df5a-4271-95a8-1a0f23da3ecb,0: simple.SimpleObject:18 by sven, name: [NEW] -> Froyo
2020-05-28 18:41:57.988 41a10f8c-df5a-4271-95a8-1a0f23da3ecb,0: simple.SimpleObject:18 by sven, notes: [NEW] -> null
2020-05-28 18:41:57.988 41a10f8c-df5a-4271-95a8-1a0f23da3ecb,0: simple.SimpleObject:19 by sven, name: [NEW] -> Fizz
2020-05-28 18:41:57.988 41a10f8c-df5a-4271-95a8-1a0f23da3ecb,0: simple.SimpleObject:19 by sven, notes: [NEW] -> null
2020-05-28 18:41:57.988 41a10f8c-df5a-4271-95a8-1a0f23da3ecb,0: simple.SimpleObject:20 by sven, name: [NEW] -> Bip
2020-05-28 18:41:57.988 41a10f8c-df5a-4271-95a8-1a0f23da3ecb,0: simple.SimpleObject:20 by sven, notes: [NEW] -> null
2020-05-28 18:41:57.988 41a10f8c-df5a-4271-95a8-1a0f23da3ecb,0: simple.SimpleObject:21 by sven, name: [NEW] -> Bop
2020-05-28 18:41:57.988 41a10f8c-df5a-4271-95a8-1a0f23da3ecb,0: simple.SimpleObject:21 by sven, notes: [NEW] -> null
2020-05-28 18:41:57.988 41a10f8c-df5a-4271-95a8-1a0f23da3ecb,0: simple.SimpleObject:22 by sven, name: [NEW] -> Bang
2020-05-28 18:41:57.988 41a10f8c-df5a-4271-95a8-1a0f23da3ecb,0: simple.SimpleObject:22 by sven, notes: [NEW] -> null
2020-05-28 18:41:57.988 41a10f8c-df5a-4271-95a8-1a0f23da3ecb,0: simple.SimpleObject:23 by sven, name: [NEW] -> Boo
2020-05-28 18:41:57.988 41a10f8c-df5a-4271-95a8-1a0f23da3ecb,0: simple.SimpleObject:23 by sven, notes: [NEW] -> null
