2020-06-13 17:47:27.111 <?xml version="1.0" encoding="UTF-8" standalone="yes"?>
<ixn:interactionDto xmlns:com="http://isis.apache.org/schema/common" xmlns:cmd="http://isis.apache.org/schema/cmd" xmlns:ixn="http://isis.apache.org/schema/ixn">
    <ixn:majorVersion>1</ixn:majorVersion>
    <ixn:minorVersion>0</ixn:minorVersion>
    <ixn:transactionId>c01a0003-45c5-462a-acc0-e4391dd81099</ixn:transactionId>
    <ixn:execution xsi:type="ixn:actionInvocationDto" interactionType="action_invocation" xmlns:xsi="http://www.w3.org/2001/XMLSchema-instance">
        <ixn:sequence>0</ixn:sequence>
        <ixn:target type="homepage.HomePageService" id="1"/>
        <ixn:logicalMemberIdentifier>homepage.HomePageService#homePage()</ixn:logicalMemberIdentifier>
        <ixn:memberIdentifier>domainapp.application.services.homepage.HomePageService#homePage()</ixn:memberIdentifier>
        <ixn:user>sven</ixn:user>
        <ixn:title>homepage.HomePageService:1: homePage()</ixn:title>
        <ixn:metrics>
            <ixn:timings>
                <com:startedAt>2020-06-13T17:47:26.361-03:00</com:startedAt>
                <com:completedAt>2020-06-13T17:47:26.680-03:00</com:completedAt>
            </ixn:timings>
            <ixn:objectCounts>
                <ixn:loaded before="0" after="0"/>
                <ixn:dirtied before="0" after="0"/>
            </ixn:objectCounts>
        </ixn:metrics>
        <ixn:parameters/>
        <ixn:returned type="reference" null="false">
            <com:reference objectState="viewModel" type="domainapp.application.services.homepage.HomePageViewModel" id="PD94bWwgdmVyc2lvbj0iMS4wIiBlbmNvZGluZz0iVVRGLTgiPz4KPG1lbWVudG8vPg=="/>
        </ixn:returned>
    </ixn:execution>
</ixn:interactionDto>

2020-06-13 17:49:18.911 <?xml version="1.0" encoding="UTF-8" standalone="yes"?>
<ixn:interactionDto xmlns:com="http://isis.apache.org/schema/common" xmlns:cmd="http://isis.apache.org/schema/cmd" xmlns:ixn="http://isis.apache.org/schema/ixn">
    <ixn:majorVersion>1</ixn:majorVersion>
    <ixn:minorVersion>0</ixn:minorVersion>
    <ixn:transactionId>9df785b9-f05b-4641-a10c-2c62bd46872e</ixn:transactionId>
    <ixn:execution xsi:type="ixn:actionInvocationDto" interactionType="action_invocation" xmlns:xsi="http://www.w3.org/2001/XMLSchema-instance">
        <ixn:sequence>0</ixn:sequence>
        <ixn:target type="simple.SimpleObjectMenu" id="1"/>
        <ixn:logicalMemberIdentifier>simple.SimpleObjectMenu#listAll()</ixn:logicalMemberIdentifier>
        <ixn:memberIdentifier>domainapp.modules.simple.dom.impl.SimpleObjects#listAll()</ixn:memberIdentifier>
        <ixn:user>sven</ixn:user>
        <ixn:title>simple.SimpleObjectMenu:1: listAll()</ixn:title>
        <ixn:metrics>
            <ixn:timings>
                <com:startedAt>2020-06-13T17:49:18.875-03:00</com:startedAt>
                <com:completedAt>2020-06-13T17:49:18.896-03:00</com:completedAt>
            </ixn:timings>
            <ixn:objectCounts>
                <ixn:loaded before="0" after="0"/>
                <ixn:dirtied before="0" after="0"/>
            </ixn:objectCounts>
        </ixn:metrics>
        <ixn:parameters/>
        <ixn:returned type="collection" null="false">
            <com:collection type="reference"/>
        </ixn:returned>
    </ixn:execution>
</ixn:interactionDto>

2020-06-13 17:49:32.037 <?xml version="1.0" encoding="UTF-8" standalone="yes"?>
<ixn:interactionDto xmlns:com="http://isis.apache.org/schema/common" xmlns:cmd="http://isis.apache.org/schema/cmd" xmlns:ixn="http://isis.apache.org/schema/ixn">
    <ixn:majorVersion>1</ixn:majorVersion>
    <ixn:minorVersion>0</ixn:minorVersion>
    <ixn:transactionId>e90eda5b-7e15-4818-baa8-925450482b2e</ixn:transactionId>
    <ixn:execution xsi:type="ixn:actionInvocationDto" interactionType="action_invocation" xmlns:xsi="http://www.w3.org/2001/XMLSchema-instance">
        <ixn:sequence>0</ixn:sequence>
        <ixn:target type="homepage.HomePageService" id="1"/>
        <ixn:logicalMemberIdentifier>homepage.HomePageService#homePage()</ixn:logicalMemberIdentifier>
        <ixn:memberIdentifier>domainapp.application.services.homepage.HomePageService#homePage()</ixn:memberIdentifier>
        <ixn:user>sven</ixn:user>
        <ixn:title>homepage.HomePageService:1: homePage()</ixn:title>
        <ixn:metrics>
            <ixn:timings>
                <com:startedAt>2020-06-13T17:49:32.017-03:00</com:startedAt>
                <com:completedAt>2020-06-13T17:49:32.018-03:00</com:completedAt>
            </ixn:timings>
            <ixn:objectCounts>
                <ixn:loaded before="0" after="0"/>
                <ixn:dirtied before="0" after="0"/>
            </ixn:objectCounts>
        </ixn:metrics>
        <ixn:parameters/>
        <ixn:returned type="reference" null="false">
            <com:reference objectState="viewModel" type="domainapp.application.services.homepage.HomePageViewModel" id="PD94bWwgdmVyc2lvbj0iMS4wIiBlbmNvZGluZz0iVVRGLTgiPz4KPG1lbWVudG8vPg=="/>
        </ixn:returned>
    </ixn:execution>
</ixn:interactionDto>

2020-06-13 18:05:04.588 <?xml version="1.0" encoding="UTF-8" standalone="yes"?>
<ixn:interactionDto xmlns:com="http://isis.apache.org/schema/common" xmlns:cmd="http://isis.apache.org/schema/cmd" xmlns:ixn="http://isis.apache.org/schema/ixn">
    <ixn:majorVersion>1</ixn:majorVersion>
    <ixn:minorVersion>0</ixn:minorVersion>
    <ixn:transactionId>1056c0ed-c683-4773-a5e9-1f99d9ef878e</ixn:transactionId>
    <ixn:execution xsi:type="ixn:actionInvocationDto" interactionType="action_invocation" xmlns:xsi="http://www.w3.org/2001/XMLSchema-instance">
        <ixn:sequence>0</ixn:sequence>
        <ixn:target type="simple.SimpleObjectMenu" id="1"/>
        <ixn:logicalMemberIdentifier>simple.SimpleObjectMenu#listAll()</ixn:logicalMemberIdentifier>
        <ixn:memberIdentifier>domainapp.modules.simple.dom.impl.SimpleObjects#listAll()</ixn:memberIdentifier>
        <ixn:user>sven</ixn:user>
        <ixn:title>simple.SimpleObjectMenu:1: listAll()</ixn:title>
        <ixn:metrics>
            <ixn:timings>
                <com:startedAt>2020-06-13T18:05:04.540-03:00</com:startedAt>
                <com:completedAt>2020-06-13T18:05:04.559-03:00</com:completedAt>
            </ixn:timings>
            <ixn:objectCounts>
                <ixn:loaded before="0" after="0"/>
                <ixn:dirtied before="0" after="0"/>
            </ixn:objectCounts>
        </ixn:metrics>
        <ixn:parameters/>
        <ixn:returned type="collection" null="false">
            <com:collection type="reference"/>
        </ixn:returned>
    </ixn:execution>
</ixn:interactionDto>

2020-06-13 18:05:17.044 <?xml version="1.0" encoding="UTF-8" standalone="yes"?>
<ixn:interactionDto xmlns:com="http://isis.apache.org/schema/common" xmlns:cmd="http://isis.apache.org/schema/cmd" xmlns:ixn="http://isis.apache.org/schema/ixn">
    <ixn:majorVersion>1</ixn:majorVersion>
    <ixn:minorVersion>0</ixn:minorVersion>
    <ixn:transactionId>04c5ca2e-9576-4360-ae0d-9c5cc7f0fa5e</ixn:transactionId>
    <ixn:execution xsi:type="ixn:actionInvocationDto" interactionType="action_invocation" xmlns:xsi="http://www.w3.org/2001/XMLSchema-instance">
        <ixn:sequence>0</ixn:sequence>
        <ixn:target type="homepage.HomePageService" id="1"/>
        <ixn:logicalMemberIdentifier>homepage.HomePageService#homePage()</ixn:logicalMemberIdentifier>
        <ixn:memberIdentifier>domainapp.application.services.homepage.HomePageService#homePage()</ixn:memberIdentifier>
        <ixn:user>sven</ixn:user>
        <ixn:title>homepage.HomePageService:1: homePage()</ixn:title>
        <ixn:metrics>
            <ixn:timings>
                <com:startedAt>2020-06-13T18:05:17.027-03:00</com:startedAt>
                <com:completedAt>2020-06-13T18:05:17.029-03:00</com:completedAt>
            </ixn:timings>
            <ixn:objectCounts>
                <ixn:loaded before="0" after="0"/>
                <ixn:dirtied before="0" after="0"/>
            </ixn:objectCounts>
        </ixn:metrics>
        <ixn:parameters/>
        <ixn:returned type="reference" null="false">
            <com:reference objectState="viewModel" type="domainapp.application.services.homepage.HomePageViewModel" id="PD94bWwgdmVyc2lvbj0iMS4wIiBlbmNvZGluZz0iVVRGLTgiPz4KPG1lbWVudG8vPg=="/>
        </ixn:returned>
    </ixn:execution>
</ixn:interactionDto>

