2020-06-13 17:47:04.020 START: workQueue.size: 0, waited for: 1ms, persistenceSessionFactory#init(...)
2020-06-13 17:47:04.065 START: workQueue.size: 0, waited for: 46ms, SpecificationLoader#init()
2020-06-13 17:47:04.065 START: workQueue.size: 0, waited for: 46ms, ChangesDtoUtils.init()
2020-06-13 17:47:04.112 START: workQueue.size: 0, waited for: 93ms, InteractionDtoUtils.init()
2020-06-13 17:47:05.815 END: completed in: 1750ms, ChangesDtoUtils.init()
2020-06-13 17:47:05.816 START: workQueue.size: 0, waited for: 1797ms, CommandDtoUtils.init()
2020-06-13 17:47:06.091 END: completed in: 1979ms, InteractionDtoUtils.init()
2020-06-13 17:47:06.092 START: workQueue.size: 1, waited for: 884ms, org.apache.isis.core.runtime.system.session.IsisSessionFactory: #introspectUpTo( TYPE_INTROSPECTED )
2020-06-13 17:47:06.173 END: completed in: 356ms, CommandDtoUtils.init()
2020-06-13 17:47:06.175 START: workQueue.size: 1, waited for: 966ms, org.apache.isis.core.runtime.system.persistence.PersistenceSessionFactory: #introspectUpTo( TYPE_INTROSPECTED )
2020-06-13 17:47:06.493 END: completed in: 400ms, org.apache.isis.core.runtime.system.session.IsisSessionFactory: #introspectUpTo( TYPE_INTROSPECTED )
2020-06-13 17:47:06.493 START: workQueue.size: 1, waited for: 1285ms, org.apache.isis.core.metamodel.specloader.SpecificationLoader: #introspectUpTo( TYPE_INTROSPECTED )
2020-06-13 17:47:06.499 END: completed in: 324ms, org.apache.isis.core.runtime.system.persistence.PersistenceSessionFactory: #introspectUpTo( TYPE_INTROSPECTED )
2020-06-13 17:47:06.500 START: workQueue.size: 1, waited for: 1292ms, org.apache.isis.core.runtime.authorization.standard.AuthorizationManagerStandard: #introspectUpTo( TYPE_INTROSPECTED )
2020-06-13 17:47:06.536 END: completed in: 36ms, org.apache.isis.core.runtime.authorization.standard.AuthorizationManagerStandard: #introspectUpTo( TYPE_INTROSPECTED )
2020-06-13 17:47:06.537 START: workQueue.size: 1, waited for: 1329ms, org.apache.isis.core.runtime.authentication.standard.AuthenticationManagerStandard: #introspectUpTo( TYPE_INTROSPECTED )
2020-06-13 17:47:06.554 END: completed in: 61ms, org.apache.isis.core.metamodel.specloader.SpecificationLoader: #introspectUpTo( TYPE_INTROSPECTED )
2020-06-13 17:47:06.602 END: completed in: 65ms, org.apache.isis.core.runtime.authentication.standard.AuthenticationManagerStandard: #introspectUpTo( TYPE_INTROSPECTED )
2020-06-13 17:47:06.603 START: workQueue.size: 1, waited for: 1395ms, org.apache.isis.core.commons.config.IsisConfigurationDefault: #introspectUpTo( TYPE_INTROSPECTED )
2020-06-13 17:47:06.630 END: completed in: 27ms, org.apache.isis.core.commons.config.IsisConfigurationDefault: #introspectUpTo( TYPE_INTROSPECTED )
2020-06-13 17:47:06.687 START: workQueue.size: 1, waited for: 1471ms, org.apache.isis.objectstore.jdo.datanucleus.service.eventbus.EventBusServiceJdo: #introspectUpTo( TYPE_INTROSPECTED )
2020-06-13 17:47:06.704 END: completed in: 25ms, org.apache.isis.objectstore.jdo.datanucleus.service.eventbus.EventBusServiceJdo: #introspectUpTo( TYPE_INTROSPECTED )
2020-06-13 17:47:06.705 START: workQueue.size: 1, waited for: 1497ms, org.apache.isis.applib.services.queryresultscache.QueryResultsCache$Control: #introspectUpTo( TYPE_INTROSPECTED )
2020-06-13 17:47:06.716 END: completed in: 11ms, org.apache.isis.applib.services.queryresultscache.QueryResultsCache$Control: #introspectUpTo( TYPE_INTROSPECTED )
2020-06-13 17:47:06.716 START: workQueue.size: 1, waited for: 1508ms, domainapp.modules.simple.dom.impl.SimpleObjects: #introspectUpTo( TYPE_INTROSPECTED )
2020-06-13 17:47:06.641 START: workQueue.size: 1, waited for: 1432ms, org.apache.isis.core.runtime.services.deplcat.DeploymentCategoryProviderDefault: #introspectUpTo( TYPE_INTROSPECTED )
2020-06-13 17:47:06.731 END: completed in: 91ms, org.apache.isis.core.runtime.services.deplcat.DeploymentCategoryProviderDefault: #introspectUpTo( TYPE_INTROSPECTED )
2020-06-13 17:47:06.732 START: workQueue.size: 1, waited for: 1523ms, org.apache.isis.applib.services.fixturespec.FixtureScriptsDefault: #introspectUpTo( TYPE_INTROSPECTED )
2020-06-13 17:47:06.812 END: completed in: 96ms, domainapp.modules.simple.dom.impl.SimpleObjects: #introspectUpTo( TYPE_INTROSPECTED )
2020-06-13 17:47:06.812 START: workQueue.size: 1, waited for: 1604ms, org.apache.isis.applib.services.layout.LayoutServiceMenu: #introspectUpTo( TYPE_INTROSPECTED )
2020-06-13 17:47:06.823 END: completed in: 11ms, org.apache.isis.applib.services.layout.LayoutServiceMenu: #introspectUpTo( TYPE_INTROSPECTED )
2020-06-13 17:47:06.827 START: workQueue.size: 1, waited for: 1616ms, org.apache.isis.applib.services.metamodel.MetaModelServicesMenu: #introspectUpTo( TYPE_INTROSPECTED )
2020-06-13 17:47:06.888 END: completed in: 157ms, org.apache.isis.applib.services.fixturespec.FixtureScriptsDefault: #introspectUpTo( TYPE_INTROSPECTED )
2020-06-13 17:47:06.889 START: workQueue.size: 1, waited for: 1681ms, org.apache.isis.applib.services.swagger.SwaggerServiceMenu: #introspectUpTo( TYPE_INTROSPECTED )
2020-06-13 17:47:06.980 END: completed in: 156ms, org.apache.isis.applib.services.metamodel.MetaModelServicesMenu: #introspectUpTo( TYPE_INTROSPECTED )
2020-06-13 17:47:06.980 START: workQueue.size: 1, waited for: 1772ms, org.apache.isis.core.runtime.services.i18n.po.TranslationServicePoMenu: #introspectUpTo( TYPE_INTROSPECTED )
2020-06-13 17:47:06.983 END: completed in: 94ms, org.apache.isis.applib.services.swagger.SwaggerServiceMenu: #introspectUpTo( TYPE_INTROSPECTED )
2020-06-13 17:47:06.983 START: workQueue.size: 1, waited for: 1775ms, org.apache.isis.applib.services.hsqldb.HsqlDbManagerMenu: #introspectUpTo( TYPE_INTROSPECTED )
2020-06-13 17:47:07.019 END: completed in: 38ms, org.apache.isis.core.runtime.services.i18n.po.TranslationServicePoMenu: #introspectUpTo( TYPE_INTROSPECTED )
2020-06-13 17:47:07.019 START: workQueue.size: 1, waited for: 1811ms, org.apache.isis.applib.services.config.ConfigurationServiceMenu: #introspectUpTo( TYPE_INTROSPECTED )
2020-06-13 17:47:07.026 END: completed in: 7ms, org.apache.isis.applib.services.config.ConfigurationServiceMenu: #introspectUpTo( TYPE_INTROSPECTED )
2020-06-13 17:47:07.027 START: workQueue.size: 1, waited for: 1819ms, org.apache.isis.applib.conmap.ContentMappingServiceForCommandDto$CopyOverFromCommand: #introspectUpTo( TYPE_INTROSPECTED )
2020-06-13 17:47:07.033 END: completed in: 5ms, org.apache.isis.applib.conmap.ContentMappingServiceForCommandDto$CopyOverFromCommand: #introspectUpTo( TYPE_INTROSPECTED )
2020-06-13 17:47:07.033 START: workQueue.size: 1, waited for: 1825ms, domainapp.application.fixture.DomainAppFixtureScriptsSpecificationProvider: #introspectUpTo( TYPE_INTROSPECTED )
2020-06-13 17:47:07.073 END: completed in: 90ms, org.apache.isis.applib.services.hsqldb.HsqlDbManagerMenu: #introspectUpTo( TYPE_INTROSPECTED )
2020-06-13 17:47:07.073 START: workQueue.size: 1, waited for: 1865ms, domainapp.application.services.health.HealthCheckServiceImpl: #introspectUpTo( TYPE_INTROSPECTED )
2020-06-13 17:47:07.079 END: completed in: 6ms, domainapp.application.services.health.HealthCheckServiceImpl: #introspectUpTo( TYPE_INTROSPECTED )
2020-06-13 17:47:07.080 START: workQueue.size: 1, waited for: 1872ms, domainapp.application.services.homepage.HomePageService: #introspectUpTo( TYPE_INTROSPECTED )
2020-06-13 17:47:07.088 END: completed in: 8ms, domainapp.application.services.homepage.HomePageService: #introspectUpTo( TYPE_INTROSPECTED )
2020-06-13 17:47:07.088 START: workQueue.size: 1, waited for: 1880ms, org.apache.isis.applib.services.dto.DtoMappingHelper: #introspectUpTo( TYPE_INTROSPECTED )
2020-06-13 17:47:07.096 END: completed in: 7ms, org.apache.isis.applib.services.dto.DtoMappingHelper: #introspectUpTo( TYPE_INTROSPECTED )
2020-06-13 17:47:07.096 START: workQueue.size: 1, waited for: 1888ms, org.apache.isis.core.runtime.services.background.CommandExecutorServiceDefault: #introspectUpTo( TYPE_INTROSPECTED )
2020-06-13 17:47:07.101 END: completed in: 68ms, domainapp.application.fixture.DomainAppFixtureScriptsSpecificationProvider: #introspectUpTo( TYPE_INTROSPECTED )
2020-06-13 17:47:07.101 START: workQueue.size: 1, waited for: 1893ms, org.apache.isis.core.runtime.services.menubars.MenuBarsLoaderServiceDefault: #introspectUpTo( TYPE_INTROSPECTED )
2020-06-13 17:47:07.109 END: completed in: 7ms, org.apache.isis.core.runtime.services.menubars.MenuBarsLoaderServiceDefault: #introspectUpTo( TYPE_INTROSPECTED )
2020-06-13 17:47:07.109 START: workQueue.size: 1, waited for: 1901ms, org.apache.isis.core.runtime.services.menubars.bootstrap3.MenuBarsServiceBS3: #introspectUpTo( TYPE_INTROSPECTED )
2020-06-13 17:47:07.122 END: completed in: 8ms, org.apache.isis.core.runtime.services.menubars.bootstrap3.MenuBarsServiceBS3: #introspectUpTo( TYPE_INTROSPECTED )
2020-06-13 17:47:07.122 START: workQueue.size: 1, waited for: 1914ms, org.apache.isis.core.runtime.services.userprof.UserProfileServiceDefault: #introspectUpTo( TYPE_INTROSPECTED )
2020-06-13 17:47:07.128 END: completed in: 6ms, org.apache.isis.core.runtime.services.userprof.UserProfileServiceDefault: #introspectUpTo( TYPE_INTROSPECTED )
2020-06-13 17:47:07.128 START: workQueue.size: 1, waited for: 1920ms, org.apache.isis.viewer.restfulobjects.rendering.service.conneg.ContentNegotiationServiceXRoDomainType: #introspectUpTo( TYPE_INTROSPECTED )
2020-06-13 17:47:07.135 END: completed in: 7ms, org.apache.isis.viewer.restfulobjects.rendering.service.conneg.ContentNegotiationServiceXRoDomainType: #introspectUpTo( TYPE_INTROSPECTED )
2020-06-13 17:47:07.207 END: completed in: 111ms, org.apache.isis.core.runtime.services.background.CommandExecutorServiceDefault: #introspectUpTo( TYPE_INTROSPECTED )
2020-06-13 17:47:07.208 START: workQueue.size: 1, waited for: 2000ms, org.apache.isis.viewer.restfulobjects.rendering.service.conneg.ContentNegotiationServiceOrgApacheIsisV1: #introspectUpTo( TYPE_INTROSPECTED )
2020-06-13 17:47:07.220 END: completed in: 12ms, org.apache.isis.viewer.restfulobjects.rendering.service.conneg.ContentNegotiationServiceOrgApacheIsisV1: #introspectUpTo( TYPE_INTROSPECTED )
2020-06-13 17:47:07.220 START: workQueue.size: 1, waited for: 2012ms, org.apache.isis.core.runtime.services.message.MessageServiceDefault: #introspectUpTo( TYPE_INTROSPECTED )
2020-06-13 17:47:07.227 END: completed in: 7ms, org.apache.isis.core.runtime.services.message.MessageServiceDefault: #introspectUpTo( TYPE_INTROSPECTED )
2020-06-13 17:47:07.228 START: workQueue.size: 1, waited for: 2020ms, org.apache.isis.core.runtime.services.persistsession.PersistenceSessionServiceInternalDefault: #introspectUpTo( TYPE_INTROSPECTED )
2020-06-13 17:47:07.344 START: workQueue.size: 1, waited for: 2136ms, org.apache.isis.applib.annotation.Bulk$InteractionContext: #introspectUpTo( TYPE_INTROSPECTED )
2020-06-13 17:47:07.363 END: completed in: 135ms, org.apache.isis.core.runtime.services.persistsession.PersistenceSessionServiceInternalDefault: #introspectUpTo( TYPE_INTROSPECTED )
2020-06-13 17:47:07.364 START: workQueue.size: 1, waited for: 2156ms, org.apache.isis.applib.conmap.ContentMappingServiceForCommandDto: #introspectUpTo( TYPE_INTROSPECTED )
2020-06-13 17:47:07.399 END: completed in: 55ms, org.apache.isis.applib.annotation.Bulk$InteractionContext: #introspectUpTo( TYPE_INTROSPECTED )
2020-06-13 17:47:07.400 START: workQueue.size: 1, waited for: 2191ms, org.apache.isis.applib.conmap.ContentMappingServiceForCommandsDto: #introspectUpTo( TYPE_INTROSPECTED )
2020-06-13 17:47:07.406 END: completed in: 7ms, org.apache.isis.applib.conmap.ContentMappingServiceForCommandsDto: #introspectUpTo( TYPE_INTROSPECTED )
2020-06-13 17:47:07.406 START: workQueue.size: 1, waited for: 2198ms, org.apache.isis.applib.fixturescripts.ExecutionParametersService: #introspectUpTo( TYPE_INTROSPECTED )
2020-06-13 17:47:07.411 END: completed in: 5ms, org.apache.isis.applib.fixturescripts.ExecutionParametersService: #introspectUpTo( TYPE_INTROSPECTED )
2020-06-13 17:47:07.412 START: workQueue.size: 1, waited for: 2204ms, org.apache.isis.applib.services.actinvoc.ActionInvocationContext: #introspectUpTo( TYPE_INTROSPECTED )
2020-06-13 17:47:07.420 END: completed in: 8ms, org.apache.isis.applib.services.actinvoc.ActionInvocationContext: #introspectUpTo( TYPE_INTROSPECTED )
2020-06-13 17:47:07.421 START: workQueue.size: 1, waited for: 2213ms, org.apache.isis.applib.services.audit.AuditerServiceLogging: #introspectUpTo( TYPE_INTROSPECTED )
2020-06-13 17:47:07.426 END: completed in: 62ms, org.apache.isis.applib.conmap.ContentMappingServiceForCommandDto: #introspectUpTo( TYPE_INTROSPECTED )
2020-06-13 17:47:07.427 START: workQueue.size: 1, waited for: 2219ms, org.apache.isis.applib.services.classdiscovery.ClassDiscoveryServiceUsingReflections: #introspectUpTo( TYPE_INTROSPECTED )
2020-06-13 17:47:07.433 END: completed in: 6ms, org.apache.isis.applib.services.classdiscovery.ClassDiscoveryServiceUsingReflections: #introspectUpTo( TYPE_INTROSPECTED )
2020-06-13 17:47:07.434 START: workQueue.size: 1, waited for: 2226ms, org.apache.isis.applib.services.clock.ClockService: #introspectUpTo( TYPE_INTROSPECTED )
2020-06-13 17:47:07.440 END: completed in: 6ms, org.apache.isis.applib.services.clock.ClockService: #introspectUpTo( TYPE_INTROSPECTED )
2020-06-13 17:47:07.440 START: workQueue.size: 1, waited for: 2232ms, org.apache.isis.applib.services.command.CommandContext: #introspectUpTo( TYPE_INTROSPECTED )
2020-06-13 17:47:07.469 END: completed in: 48ms, org.apache.isis.applib.services.audit.AuditerServiceLogging: #introspectUpTo( TYPE_INTROSPECTED )
2020-06-13 17:47:07.470 START: workQueue.size: 1, waited for: 2262ms, org.apache.isis.applib.services.iactn.InteractionContext: #introspectUpTo( TYPE_INTROSPECTED )
2020-06-13 17:47:07.475 END: completed in: 5ms, org.apache.isis.applib.services.iactn.InteractionContext: #introspectUpTo( TYPE_INTROSPECTED )
2020-06-13 17:47:07.476 START: workQueue.size: 1, waited for: 2268ms, org.apache.isis.applib.services.publish.PublisherServiceLogging: #introspectUpTo( TYPE_INTROSPECTED )
2020-06-13 17:47:07.488 END: completed in: 6ms, org.apache.isis.applib.services.publish.PublisherServiceLogging: #introspectUpTo( TYPE_INTROSPECTED )
2020-06-13 17:47:07.488 START: workQueue.size: 1, waited for: 2280ms, org.apache.isis.applib.services.queryresultscache.QueryResultsCache: #introspectUpTo( TYPE_INTROSPECTED )
2020-06-13 17:47:07.494 END: completed in: 6ms, org.apache.isis.applib.services.queryresultscache.QueryResultsCache: #introspectUpTo( TYPE_INTROSPECTED )
2020-06-13 17:47:07.495 START: workQueue.size: 1, waited for: 2286ms, org.apache.isis.applib.services.routing.RoutingServiceDefault: #introspectUpTo( TYPE_INTROSPECTED )
2020-06-13 17:47:07.500 END: completed in: 6ms, org.apache.isis.applib.services.routing.RoutingServiceDefault: #introspectUpTo( TYPE_INTROSPECTED )
2020-06-13 17:47:07.500 START: workQueue.size: 1, waited for: 2292ms, org.apache.isis.applib.services.scratchpad.Scratchpad: #introspectUpTo( TYPE_INTROSPECTED )
2020-06-13 17:47:07.504 END: completed in: 64ms, org.apache.isis.applib.services.command.CommandContext: #introspectUpTo( TYPE_INTROSPECTED )
2020-06-13 17:47:07.507 START: workQueue.size: 1, waited for: 2296ms, org.apache.isis.applib.services.tablecol.TableColumnOrderService$Default: #introspectUpTo( TYPE_INTROSPECTED )
2020-06-13 17:47:07.512 END: completed in: 8ms, org.apache.isis.applib.services.tablecol.TableColumnOrderService$Default: #introspectUpTo( TYPE_INTROSPECTED )
2020-06-13 17:47:07.513 START: workQueue.size: 1, waited for: 2305ms, org.apache.isis.applib.services.urlencoding.UrlEncodingServiceUsingBaseEncoding: #introspectUpTo( TYPE_INTROSPECTED )
2020-06-13 17:47:07.519 END: completed in: 6ms, org.apache.isis.applib.services.urlencoding.UrlEncodingServiceUsingBaseEncoding: #introspectUpTo( TYPE_INTROSPECTED )
2020-06-13 17:47:07.519 START: workQueue.size: 1, waited for: 2311ms, org.apache.isis.core.metamodel.services.appfeat.ApplicationFeatureFactory: #introspectUpTo( TYPE_INTROSPECTED )
2020-06-13 17:47:07.525 END: completed in: 6ms, org.apache.isis.core.metamodel.services.appfeat.ApplicationFeatureFactory: #introspectUpTo( TYPE_INTROSPECTED )
2020-06-13 17:47:07.527 START: workQueue.size: 1, waited for: 2318ms, org.apache.isis.core.metamodel.services.appfeat.ApplicationFeatureRepositoryDefault: #introspectUpTo( TYPE_INTROSPECTED )
2020-06-13 17:47:07.536 END: completed in: 10ms, org.apache.isis.core.metamodel.services.appfeat.ApplicationFeatureRepositoryDefault: #introspectUpTo( TYPE_INTROSPECTED )
2020-06-13 17:47:07.537 START: workQueue.size: 1, waited for: 2329ms, org.apache.isis.core.metamodel.services.bookmarks.BookmarkServiceInternalDefault: #introspectUpTo( TYPE_INTROSPECTED )
2020-06-13 17:47:07.558 END: completed in: 58ms, org.apache.isis.applib.services.scratchpad.Scratchpad: #introspectUpTo( TYPE_INTROSPECTED )
2020-06-13 17:47:07.559 START: workQueue.size: 1, waited for: 2350ms, org.apache.isis.core.metamodel.services.config.ConfigurationServiceDefault: #introspectUpTo( TYPE_INTROSPECTED )
2020-06-13 17:47:07.566 END: completed in: 8ms, org.apache.isis.core.metamodel.services.config.ConfigurationServiceDefault: #introspectUpTo( TYPE_INTROSPECTED )
2020-06-13 17:47:07.567 START: workQueue.size: 1, waited for: 2358ms, org.apache.isis.core.metamodel.services.container.DomainObjectContainerDefault: #introspectUpTo( TYPE_INTROSPECTED )
2020-06-13 17:47:07.591 END: completed in: 21ms, org.apache.isis.core.metamodel.services.container.DomainObjectContainerDefault: #introspectUpTo( TYPE_INTROSPECTED )
2020-06-13 17:47:07.592 START: workQueue.size: 1, waited for: 2384ms, org.apache.isis.core.metamodel.services.factory.FactoryServiceInternalDefault: #introspectUpTo( TYPE_INTROSPECTED )
2020-06-13 17:47:07.599 END: completed in: 61ms, org.apache.isis.core.metamodel.services.bookmarks.BookmarkServiceInternalDefault: #introspectUpTo( TYPE_INTROSPECTED )
2020-06-13 17:47:07.599 START: workQueue.size: 1, waited for: 2391ms, org.apache.isis.core.metamodel.services.grid.GridLoaderServiceDefault: #introspectUpTo( TYPE_INTROSPECTED )
2020-06-13 17:47:07.605 END: completed in: 6ms, org.apache.isis.core.metamodel.services.grid.GridLoaderServiceDefault: #introspectUpTo( TYPE_INTROSPECTED )
2020-06-13 17:47:07.605 START: workQueue.size: 1, waited for: 2397ms, org.apache.isis.core.metamodel.services.grid.GridServiceDefault: #introspectUpTo( TYPE_INTROSPECTED )
2020-06-13 17:47:07.613 END: completed in: 7ms, org.apache.isis.core.metamodel.services.grid.GridServiceDefault: #introspectUpTo( TYPE_INTROSPECTED )
2020-06-13 17:47:07.613 START: workQueue.size: 1, waited for: 2405ms, org.apache.isis.core.metamodel.services.grid.bootstrap3.GridSystemServiceBS3: #introspectUpTo( TYPE_INTROSPECTED )
2020-06-13 17:47:07.635 END: completed in: 43ms, org.apache.isis.core.metamodel.services.factory.FactoryServiceInternalDefault: #introspectUpTo( TYPE_INTROSPECTED )
2020-06-13 17:47:07.647 START: workQueue.size: 1, waited for: 2438ms, org.apache.isis.core.metamodel.services.layout.LayoutServiceDefault: #introspectUpTo( TYPE_INTROSPECTED )
2020-06-13 17:47:07.656 END: completed in: 10ms, org.apache.isis.core.metamodel.services.layout.LayoutServiceDefault: #introspectUpTo( TYPE_INTROSPECTED )
2020-06-13 17:47:07.657 START: workQueue.size: 1, waited for: 2449ms, org.apache.isis.core.metamodel.services.message.MessageServiceNoop: #introspectUpTo( TYPE_INTROSPECTED )
2020-06-13 17:47:07.662 END: completed in: 5ms, org.apache.isis.core.metamodel.services.message.MessageServiceNoop: #introspectUpTo( TYPE_INTROSPECTED )
2020-06-13 17:47:07.663 START: workQueue.size: 1, waited for: 2454ms, org.apache.isis.core.metamodel.services.metamodel.MetaModelServiceDefault: #introspectUpTo( TYPE_INTROSPECTED )
2020-06-13 17:47:07.671 END: completed in: 9ms, org.apache.isis.core.metamodel.services.metamodel.MetaModelServiceDefault: #introspectUpTo( TYPE_INTROSPECTED )
2020-06-13 17:47:07.671 START: workQueue.size: 1, waited for: 2463ms, org.apache.isis.core.metamodel.services.persistsession.PersistenceSessionServiceInternalNoop: #introspectUpTo( TYPE_INTROSPECTED )
2020-06-13 17:47:07.687 END: completed in: 73ms, org.apache.isis.core.metamodel.services.grid.bootstrap3.GridSystemServiceBS3: #introspectUpTo( TYPE_INTROSPECTED )
2020-06-13 17:47:07.687 START: workQueue.size: 1, waited for: 2479ms, org.apache.isis.core.metamodel.services.registry.ServiceRegistryDefault: #introspectUpTo( TYPE_INTROSPECTED )
2020-06-13 17:47:07.694 END: completed in: 6ms, org.apache.isis.core.metamodel.services.registry.ServiceRegistryDefault: #introspectUpTo( TYPE_INTROSPECTED )
2020-06-13 17:47:07.695 START: workQueue.size: 1, waited for: 2487ms, org.apache.isis.core.metamodel.services.repository.RepositoryServiceInternalDefault: #introspectUpTo( TYPE_INTROSPECTED )
2020-06-13 17:47:07.705 END: completed in: 10ms, org.apache.isis.core.metamodel.services.repository.RepositoryServiceInternalDefault: #introspectUpTo( TYPE_INTROSPECTED )
2020-06-13 17:47:07.705 START: workQueue.size: 1, waited for: 2497ms, org.apache.isis.core.metamodel.services.swagger.SwaggerServiceDefault: #introspectUpTo( TYPE_INTROSPECTED )
2020-06-13 17:47:07.712 END: completed in: 7ms, org.apache.isis.core.metamodel.services.swagger.SwaggerServiceDefault: #introspectUpTo( TYPE_INTROSPECTED )
2020-06-13 17:47:07.712 START: workQueue.size: 1, waited for: 2504ms, org.apache.isis.core.metamodel.services.title.TitleServiceDefault: #introspectUpTo( TYPE_INTROSPECTED )
2020-06-13 17:47:07.730 END: completed in: 59ms, org.apache.isis.core.metamodel.services.persistsession.PersistenceSessionServiceInternalNoop: #introspectUpTo( TYPE_INTROSPECTED )
2020-06-13 17:47:07.731 START: workQueue.size: 1, waited for: 2523ms, org.apache.isis.core.metamodel.services.user.UserServiceDefault: #introspectUpTo( TYPE_INTROSPECTED )
2020-06-13 17:47:07.739 END: completed in: 8ms, org.apache.isis.core.metamodel.services.user.UserServiceDefault: #introspectUpTo( TYPE_INTROSPECTED )
2020-06-13 17:47:07.740 START: workQueue.size: 1, waited for: 2531ms, org.apache.isis.core.metamodel.services.user.UserServiceDefault$SudoServiceSpi: #introspectUpTo( TYPE_INTROSPECTED )
2020-06-13 17:47:07.749 END: completed in: 10ms, org.apache.isis.core.metamodel.services.user.UserServiceDefault$SudoServiceSpi: #introspectUpTo( TYPE_INTROSPECTED )
2020-06-13 17:47:07.749 START: workQueue.size: 1, waited for: 2541ms, org.apache.isis.core.metamodel.services.xactn.TransactionServiceDefault: #introspectUpTo( TYPE_INTROSPECTED )
2020-06-13 17:47:07.756 END: completed in: 6ms, org.apache.isis.core.metamodel.services.xactn.TransactionServiceDefault: #introspectUpTo( TYPE_INTROSPECTED )
2020-06-13 17:47:07.756 START: workQueue.size: 1, waited for: 2548ms, org.apache.isis.core.runtime.services.auditing.AuditingServiceInternal: #introspectUpTo( TYPE_INTROSPECTED )
2020-06-13 17:47:07.764 END: completed in: 8ms, org.apache.isis.core.runtime.services.auditing.AuditingServiceInternal: #introspectUpTo( TYPE_INTROSPECTED )
2020-06-13 17:47:07.765 START: workQueue.size: 1, waited for: 2557ms, org.apache.isis.core.runtime.services.authsess.AuthenticationSessionProviderDefault: #introspectUpTo( TYPE_INTROSPECTED )
2020-06-13 17:47:07.770 END: completed in: 58ms, org.apache.isis.core.metamodel.services.title.TitleServiceDefault: #introspectUpTo( TYPE_INTROSPECTED )
2020-06-13 17:47:07.772 START: workQueue.size: 1, waited for: 2563ms, org.apache.isis.core.runtime.services.background.BackgroundServiceDefault: #introspectUpTo( TYPE_INTROSPECTED )
2020-06-13 17:47:07.778 END: completed in: 7ms, org.apache.isis.core.runtime.services.background.BackgroundServiceDefault: #introspectUpTo( TYPE_INTROSPECTED )
2020-06-13 17:47:07.778 START: workQueue.size: 1, waited for: 2570ms, org.apache.isis.core.runtime.services.changes.ChangedObjectsServiceInternal: #introspectUpTo( TYPE_INTROSPECTED )
2020-06-13 17:47:07.788 END: completed in: 8ms, org.apache.isis.core.runtime.services.changes.ChangedObjectsServiceInternal: #introspectUpTo( TYPE_INTROSPECTED )
2020-06-13 17:47:07.788 START: workQueue.size: 1, waited for: 2580ms, org.apache.isis.core.runtime.services.command.CommandDtoServiceInternalDefault: #introspectUpTo( TYPE_INTROSPECTED )
2020-06-13 17:47:07.798 END: completed in: 10ms, org.apache.isis.core.runtime.services.command.CommandDtoServiceInternalDefault: #introspectUpTo( TYPE_INTROSPECTED )
2020-06-13 17:47:07.798 START: workQueue.size: 1, waited for: 2590ms, org.apache.isis.core.runtime.services.command.CommandServiceDefault: #introspectUpTo( TYPE_INTROSPECTED )
2020-06-13 17:47:07.804 END: completed in: 6ms, org.apache.isis.core.runtime.services.command.CommandServiceDefault: #introspectUpTo( TYPE_INTROSPECTED )
2020-06-13 17:47:07.804 START: workQueue.size: 1, waited for: 2596ms, org.apache.isis.core.runtime.services.email.EmailServiceDefault: #introspectUpTo( TYPE_INTROSPECTED )
2020-06-13 17:47:07.812 END: completed in: 47ms, org.apache.isis.core.runtime.services.authsess.AuthenticationSessionProviderDefault: #introspectUpTo( TYPE_INTROSPECTED )
2020-06-13 17:47:07.813 START: workQueue.size: 1, waited for: 2605ms, org.apache.isis.core.runtime.services.homepage.HomePageProviderServiceDefault: #introspectUpTo( TYPE_INTROSPECTED )
2020-06-13 17:47:07.818 END: completed in: 5ms, org.apache.isis.core.runtime.services.homepage.HomePageProviderServiceDefault: #introspectUpTo( TYPE_INTROSPECTED )
2020-06-13 17:47:07.819 START: workQueue.size: 1, waited for: 2611ms, org.apache.isis.core.runtime.services.i18n.po.TranslationServicePo: #introspectUpTo( TYPE_INTROSPECTED )
2020-06-13 17:47:07.825 END: completed in: 6ms, org.apache.isis.core.runtime.services.i18n.po.TranslationServicePo: #introspectUpTo( TYPE_INTROSPECTED )
2020-06-13 17:47:07.826 START: workQueue.size: 1, waited for: 2618ms, org.apache.isis.core.runtime.services.ixn.InteractionDtoServiceInternalDefault: #introspectUpTo( TYPE_INTROSPECTED )
2020-06-13 17:47:07.831 END: completed in: 5ms, org.apache.isis.core.runtime.services.ixn.InteractionDtoServiceInternalDefault: #introspectUpTo( TYPE_INTROSPECTED )
2020-06-13 17:47:07.831 START: workQueue.size: 1, waited for: 2623ms, org.apache.isis.core.runtime.services.memento.MementoServiceDefault: #introspectUpTo( TYPE_INTROSPECTED )
2020-06-13 17:47:07.838 END: completed in: 7ms, org.apache.isis.core.runtime.services.memento.MementoServiceDefault: #introspectUpTo( TYPE_INTROSPECTED )
2020-06-13 17:47:07.838 START: workQueue.size: 1, waited for: 2630ms, org.apache.isis.core.runtime.services.metrics.MetricsServiceDefault: #introspectUpTo( TYPE_INTROSPECTED )
2020-06-13 17:47:07.847 END: completed in: 42ms, org.apache.isis.core.runtime.services.email.EmailServiceDefault: #introspectUpTo( TYPE_INTROSPECTED )
2020-06-13 17:47:07.847 START: workQueue.size: 1, waited for: 2639ms, org.apache.isis.core.runtime.services.publish.PublishingServiceInternalDefault: #introspectUpTo( TYPE_INTROSPECTED )
2020-06-13 17:47:07.852 END: completed in: 5ms, org.apache.isis.core.runtime.services.publish.PublishingServiceInternalDefault: #introspectUpTo( TYPE_INTROSPECTED )
2020-06-13 17:47:07.853 START: workQueue.size: 1, waited for: 2645ms, org.apache.isis.core.runtime.services.sessmgmt.SessionManagementServiceDefault: #introspectUpTo( TYPE_INTROSPECTED )
2020-06-13 17:47:07.859 END: completed in: 6ms, org.apache.isis.core.runtime.services.sessmgmt.SessionManagementServiceDefault: #introspectUpTo( TYPE_INTROSPECTED )
2020-06-13 17:47:07.861 START: workQueue.size: 1, waited for: 2652ms, org.apache.isis.core.runtime.services.sudo.SudoServiceDefault: #introspectUpTo( TYPE_INTROSPECTED )
2020-06-13 17:47:07.867 END: completed in: 7ms, org.apache.isis.core.runtime.services.sudo.SudoServiceDefault: #introspectUpTo( TYPE_INTROSPECTED )
2020-06-13 17:47:07.868 START: workQueue.size: 1, waited for: 2660ms, org.apache.isis.core.runtime.services.userreg.EmailNotificationServiceDefault: #introspectUpTo( TYPE_INTROSPECTED )
2020-06-13 17:47:07.878 END: completed in: 10ms, org.apache.isis.core.runtime.services.userreg.EmailNotificationServiceDefault: #introspectUpTo( TYPE_INTROSPECTED )
2020-06-13 17:47:07.878 START: workQueue.size: 1, waited for: 2670ms, org.apache.isis.core.runtime.services.xmlsnapshot.XmlSnapshotServiceDefault: #introspectUpTo( TYPE_INTROSPECTED )
2020-06-13 17:47:07.885 END: completed in: 47ms, org.apache.isis.core.runtime.services.metrics.MetricsServiceDefault: #introspectUpTo( TYPE_INTROSPECTED )
2020-06-13 17:47:07.886 START: workQueue.size: 1, waited for: 2678ms, org.apache.isis.core.wrapper.WrapperFactoryDefault: #introspectUpTo( TYPE_INTROSPECTED )
2020-06-13 17:47:07.893 END: completed in: 7ms, org.apache.isis.core.wrapper.WrapperFactoryDefault: #introspectUpTo( TYPE_INTROSPECTED )
2020-06-13 17:47:07.893 START: workQueue.size: 1, waited for: 2685ms, org.apache.isis.objectstore.jdo.applib.service.exceprecog.ExceptionRecognizerCompositeForJdoObjectStore: #introspectUpTo( TYPE_INTROSPECTED )
2020-06-13 17:47:07.901 END: completed in: 8ms, org.apache.isis.objectstore.jdo.applib.service.exceprecog.ExceptionRecognizerCompositeForJdoObjectStore: #introspectUpTo( TYPE_INTROSPECTED )
2020-06-13 17:47:07.901 START: workQueue.size: 1, waited for: 2693ms, org.apache.isis.objectstore.jdo.datanucleus.service.support.IsisJdoSupportImpl: #introspectUpTo( TYPE_INTROSPECTED )
2020-06-13 17:47:07.905 END: completed in: 27ms, org.apache.isis.core.runtime.services.xmlsnapshot.XmlSnapshotServiceDefault: #introspectUpTo( TYPE_INTROSPECTED )
2020-06-13 17:47:07.906 START: workQueue.size: 1, waited for: 2698ms, org.apache.isis.objectstore.jdo.datanucleus.service.support.TimestampService: #introspectUpTo( TYPE_INTROSPECTED )
2020-06-13 17:47:07.910 END: completed in: 9ms, org.apache.isis.objectstore.jdo.datanucleus.service.support.IsisJdoSupportImpl: #introspectUpTo( TYPE_INTROSPECTED )
2020-06-13 17:47:07.910 START: workQueue.size: 1, waited for: 2702ms, org.apache.isis.schema.services.jaxb.JaxbServiceDefault: #introspectUpTo( TYPE_INTROSPECTED )
2020-06-13 17:47:07.918 END: completed in: 8ms, org.apache.isis.schema.services.jaxb.JaxbServiceDefault: #introspectUpTo( TYPE_INTROSPECTED )
2020-06-13 17:47:07.919 START: workQueue.size: 1, waited for: 2711ms, org.apache.isis.viewer.restfulobjects.rendering.service.RepresentationServiceContentNegotiator: #introspectUpTo( TYPE_INTROSPECTED )
2020-06-13 17:47:07.925 END: completed in: 19ms, org.apache.isis.objectstore.jdo.datanucleus.service.support.TimestampService: #introspectUpTo( TYPE_INTROSPECTED )
2020-06-13 17:47:07.925 START: workQueue.size: 1, waited for: 2717ms, org.apache.isis.viewer.restfulobjects.rendering.service.RepresentationServiceForRestfulObjects: #introspectUpTo( TYPE_INTROSPECTED )
2020-06-13 17:47:07.932 END: completed in: 7ms, org.apache.isis.viewer.restfulobjects.rendering.service.RepresentationServiceForRestfulObjects: #introspectUpTo( TYPE_INTROSPECTED )
2020-06-13 17:47:07.932 START: workQueue.size: 1, waited for: 2724ms, org.apache.isis.viewer.restfulobjects.rendering.service.acceptheader.AcceptHeaderServiceForRest: #introspectUpTo( TYPE_INTROSPECTED )
2020-06-13 17:47:07.938 END: completed in: 6ms, org.apache.isis.viewer.restfulobjects.rendering.service.acceptheader.AcceptHeaderServiceForRest: #introspectUpTo( TYPE_INTROSPECTED )
2020-06-13 17:47:07.938 START: workQueue.size: 1, waited for: 2730ms, org.apache.isis.viewer.restfulobjects.rendering.service.conneg.ContentNegotiationServiceForRestfulObjectsV1_0: #introspectUpTo( TYPE_INTROSPECTED )
2020-06-13 17:47:07.946 END: completed in: 8ms, org.apache.isis.viewer.restfulobjects.rendering.service.conneg.ContentNegotiationServiceForRestfulObjectsV1_0: #introspectUpTo( TYPE_INTROSPECTED )
2020-06-13 17:47:07.946 START: workQueue.size: 1, waited for: 2738ms, org.apache.isis.viewer.wicket.viewer.services.BookmarkUiServiceWicket: #introspectUpTo( TYPE_INTROSPECTED )
2020-06-13 17:47:07.951 END: completed in: 5ms, org.apache.isis.viewer.wicket.viewer.services.BookmarkUiServiceWicket: #introspectUpTo( TYPE_INTROSPECTED )
2020-06-13 17:47:07.963 START: workQueue.size: 1, waited for: 2755ms, org.apache.isis.viewer.wicket.viewer.services.DeepLinkServiceWicket: #introspectUpTo( TYPE_INTROSPECTED )
2020-06-13 17:47:07.963 END: completed in: 0ms, org.apache.isis.viewer.wicket.viewer.services.DeepLinkServiceWicket: #introspectUpTo( TYPE_INTROSPECTED )
2020-06-13 17:47:07.963 START: workQueue.size: 1, waited for: 2755ms, org.apache.isis.viewer.wicket.viewer.services.GuiceBeanProviderWicket: #introspectUpTo( TYPE_INTROSPECTED )
2020-06-13 17:47:07.963 END: completed in: 0ms, org.apache.isis.viewer.wicket.viewer.services.GuiceBeanProviderWicket: #introspectUpTo( TYPE_INTROSPECTED )
2020-06-13 17:47:07.963 START: workQueue.size: 1, waited for: 2755ms, org.apache.isis.viewer.wicket.viewer.services.HintStoreUsingWicketSession: #introspectUpTo( TYPE_INTROSPECTED )
2020-06-13 17:47:07.978 END: completed in: 15ms, org.apache.isis.viewer.wicket.viewer.services.HintStoreUsingWicketSession: #introspectUpTo( TYPE_INTROSPECTED )
2020-06-13 17:47:07.978 START: workQueue.size: 1, waited for: 2770ms, org.apache.isis.viewer.wicket.viewer.services.LocaleProviderWicket: #introspectUpTo( TYPE_INTROSPECTED )
2020-06-13 17:47:07.994 END: completed in: 16ms, org.apache.isis.viewer.wicket.viewer.services.LocaleProviderWicket: #introspectUpTo( TYPE_INTROSPECTED )
2020-06-13 17:47:07.994 START: workQueue.size: 1, waited for: 2786ms, org.apache.isis.viewer.wicket.viewer.services.TranslationsResolverWicket: #introspectUpTo( TYPE_INTROSPECTED )
2020-06-13 17:47:07.994 END: completed in: 0ms, org.apache.isis.viewer.wicket.viewer.services.TranslationsResolverWicket: #introspectUpTo( TYPE_INTROSPECTED )
2020-06-13 17:47:07.994 START: workQueue.size: 1, waited for: 2786ms, org.apache.isis.viewer.wicket.viewer.services.Object_clearHints: #introspectUpTo( TYPE_INTROSPECTED )
2020-06-13 17:47:07.960 END: completed in: 41ms, org.apache.isis.viewer.restfulobjects.rendering.service.RepresentationServiceContentNegotiator: #introspectUpTo( TYPE_INTROSPECTED )
2020-06-13 17:47:08.010 START: workQueue.size: 1, waited for: 2802ms, org.apache.isis.core.metamodel.services.jdosupport.Persistable_datanucleusVersionTimestamp: #introspectUpTo( TYPE_INTROSPECTED )
2020-06-13 17:47:08.017 END: completed in: 23ms, org.apache.isis.viewer.wicket.viewer.services.Object_clearHints: #introspectUpTo( TYPE_INTROSPECTED )
2020-06-13 17:47:08.017 START: workQueue.size: 1, waited for: 2809ms, org.apache.isis.core.metamodel.services.jdosupport.Persistable_downloadJdoMetadata: #introspectUpTo( TYPE_INTROSPECTED )
2020-06-13 17:47:08.024 END: completed in: 6ms, org.apache.isis.core.metamodel.services.jdosupport.Persistable_downloadJdoMetadata: #introspectUpTo( TYPE_INTROSPECTED )
2020-06-13 17:47:08.024 START: workQueue.size: 1, waited for: 2816ms, org.apache.isis.applib.services.dto.Dto_downloadXsd: #introspectUpTo( TYPE_INTROSPECTED )
2020-06-13 17:47:08.030 END: completed in: 6ms, org.apache.isis.applib.services.dto.Dto_downloadXsd: #introspectUpTo( TYPE_INTROSPECTED )
2020-06-13 17:47:08.032 START: workQueue.size: 1, waited for: 2824ms, org.apache.isis.applib.services.layout.Object_rebuildMetamodel: #introspectUpTo( TYPE_INTROSPECTED )
2020-06-13 17:47:08.040 END: completed in: 7ms, org.apache.isis.applib.services.layout.Object_rebuildMetamodel: #introspectUpTo( TYPE_INTROSPECTED )
2020-06-13 17:47:08.045 START: workQueue.size: 1, waited for: 2837ms, org.apache.isis.applib.services.layout.Object_downloadLayoutXml: #introspectUpTo( TYPE_INTROSPECTED )
2020-06-13 17:47:08.052 END: completed in: 6ms, org.apache.isis.applib.services.layout.Object_downloadLayoutXml: #introspectUpTo( TYPE_INTROSPECTED )
2020-06-13 17:47:08.052 START: workQueue.size: 1, waited for: 2844ms, org.apache.isis.core.metamodel.services.jdosupport.Persistable_datanucleusVersionLong: #introspectUpTo( TYPE_INTROSPECTED )
2020-06-13 17:47:08.066 END: completed in: 13ms, org.apache.isis.core.metamodel.services.jdosupport.Persistable_datanucleusVersionLong: #introspectUpTo( TYPE_INTROSPECTED )
2020-06-13 17:47:08.066 START: workQueue.size: 1, waited for: 2858ms, org.apache.isis.applib.services.bookmark.BookmarkHolder_lookup: #introspectUpTo( TYPE_INTROSPECTED )
2020-06-13 17:47:08.072 END: completed in: 6ms, org.apache.isis.applib.services.bookmark.BookmarkHolder_lookup: #introspectUpTo( TYPE_INTROSPECTED )
2020-06-13 17:47:08.072 START: workQueue.size: 1, waited for: 2864ms, org.apache.isis.applib.services.bookmark.BookmarkHolder_object: #introspectUpTo( TYPE_INTROSPECTED )
2020-06-13 17:47:08.079 END: completed in: 6ms, org.apache.isis.applib.services.bookmark.BookmarkHolder_object: #introspectUpTo( TYPE_INTROSPECTED )
2020-06-13 17:47:08.079 START: workQueue.size: 1, waited for: 2871ms, org.apache.isis.core.metamodel.services.jdosupport.Persistable_datanucleusIdLong: #introspectUpTo( TYPE_INTROSPECTED )
2020-06-13 17:47:08.088 END: completed in: 8ms, org.apache.isis.core.metamodel.services.jdosupport.Persistable_datanucleusIdLong: #introspectUpTo( TYPE_INTROSPECTED )
2020-06-13 17:47:08.088 START: workQueue.size: 1, waited for: 2880ms, org.apache.isis.applib.services.dto.Dto_downloadXml: #introspectUpTo( TYPE_INTROSPECTED )
2020-06-13 17:47:08.098 END: completed in: 9ms, org.apache.isis.applib.services.dto.Dto_downloadXml: #introspectUpTo( TYPE_INTROSPECTED )
2020-06-13 17:47:08.099 START: workQueue.size: 1, waited for: 2891ms, org.apache.isis.applib.services.layout.Object_openRestApi: #introspectUpTo( TYPE_INTROSPECTED )
2020-06-13 17:47:08.106 END: completed in: 7ms, org.apache.isis.applib.services.layout.Object_openRestApi: #introspectUpTo( TYPE_INTROSPECTED )
2020-06-13 17:47:08.109 START: workQueue.size: 1, waited for: 2900ms, java.lang.String: #introspectUpTo( TYPE_INTROSPECTED )
2020-06-13 17:47:08.145 END: completed in: 135ms, org.apache.isis.core.metamodel.services.jdosupport.Persistable_datanucleusVersionTimestamp: #introspectUpTo( TYPE_INTROSPECTED )
2020-06-13 17:47:08.146 START: workQueue.size: 1, waited for: 2938ms, byte: #introspectUpTo( TYPE_INTROSPECTED )
2020-06-13 17:47:08.183 END: completed in: 75ms, java.lang.String: #introspectUpTo( TYPE_INTROSPECTED )
2020-06-13 17:47:08.183 START: workQueue.size: 1, waited for: 2975ms, java.lang.Byte: #introspectUpTo( TYPE_INTROSPECTED )
2020-06-13 17:47:08.214 END: completed in: 68ms, byte: #introspectUpTo( TYPE_INTROSPECTED )
2020-06-13 17:47:08.214 START: workQueue.size: 1, waited for: 3006ms, short: #introspectUpTo( TYPE_INTROSPECTED )
2020-06-13 17:47:08.214 END: completed in: 0ms, short: #introspectUpTo( TYPE_INTROSPECTED )
2020-06-13 17:47:08.214 START: workQueue.size: 1, waited for: 3006ms, java.lang.Short: #introspectUpTo( TYPE_INTROSPECTED )
2020-06-13 17:47:08.234 END: completed in: 20ms, java.lang.Short: #introspectUpTo( TYPE_INTROSPECTED )
2020-06-13 17:47:08.235 START: workQueue.size: 1, waited for: 3027ms, int: #introspectUpTo( TYPE_INTROSPECTED )
2020-06-13 17:47:08.238 END: completed in: 2ms, int: #introspectUpTo( TYPE_INTROSPECTED )
2020-06-13 17:47:08.238 START: workQueue.size: 1, waited for: 3030ms, java.lang.Integer: #introspectUpTo( TYPE_INTROSPECTED )
2020-06-13 17:47:08.253 END: completed in: 70ms, java.lang.Byte: #introspectUpTo( TYPE_INTROSPECTED )
2020-06-13 17:47:08.253 START: workQueue.size: 1, waited for: 3045ms, long: #introspectUpTo( TYPE_INTROSPECTED )
2020-06-13 17:47:08.256 END: completed in: 2ms, long: #introspectUpTo( TYPE_INTROSPECTED )
2020-06-13 17:47:08.256 START: workQueue.size: 1, waited for: 3048ms, java.lang.Long: #introspectUpTo( TYPE_INTROSPECTED )
2020-06-13 17:47:08.272 END: completed in: 16ms, java.lang.Long: #introspectUpTo( TYPE_INTROSPECTED )
2020-06-13 17:47:08.272 START: workQueue.size: 1, waited for: 3064ms, char: #introspectUpTo( TYPE_INTROSPECTED )
2020-06-13 17:47:08.279 END: completed in: 7ms, char: #introspectUpTo( TYPE_INTROSPECTED )
2020-06-13 17:47:08.281 START: workQueue.size: 1, waited for: 3073ms, java.lang.Character: #introspectUpTo( TYPE_INTROSPECTED )
2020-06-13 17:47:08.295 END: completed in: 57ms, java.lang.Integer: #introspectUpTo( TYPE_INTROSPECTED )
2020-06-13 17:47:08.296 START: workQueue.size: 1, waited for: 3088ms, boolean: #introspectUpTo( TYPE_INTROSPECTED )
2020-06-13 17:47:08.298 END: completed in: 2ms, boolean: #introspectUpTo( TYPE_INTROSPECTED )
2020-06-13 17:47:08.298 START: workQueue.size: 1, waited for: 3090ms, java.lang.Boolean: #introspectUpTo( TYPE_INTROSPECTED )
2020-06-13 17:47:08.306 END: completed in: 8ms, java.lang.Boolean: #introspectUpTo( TYPE_INTROSPECTED )
2020-06-13 17:47:08.310 START: workQueue.size: 1, waited for: 3098ms, float: #introspectUpTo( TYPE_INTROSPECTED )
2020-06-13 17:47:08.313 END: completed in: 6ms, float: #introspectUpTo( TYPE_INTROSPECTED )
2020-06-13 17:47:08.329 START: workQueue.size: 1, waited for: 3121ms, java.lang.Float: #introspectUpTo( TYPE_INTROSPECTED )
2020-06-13 17:47:08.344 END: completed in: 15ms, java.lang.Float: #introspectUpTo( TYPE_INTROSPECTED )
2020-06-13 17:47:08.344 START: workQueue.size: 1, waited for: 3136ms, double: #introspectUpTo( TYPE_INTROSPECTED )
2020-06-13 17:47:08.347 END: completed in: 2ms, double: #introspectUpTo( TYPE_INTROSPECTED )
2020-06-13 17:47:08.347 START: workQueue.size: 1, waited for: 3139ms, java.lang.Double: #introspectUpTo( TYPE_INTROSPECTED )
2020-06-13 17:47:08.370 END: completed in: 89ms, java.lang.Character: #introspectUpTo( TYPE_INTROSPECTED )
2020-06-13 17:47:08.370 START: workQueue.size: 1, waited for: 3162ms, java.math.BigInteger: #introspectUpTo( TYPE_INTROSPECTED )
2020-06-13 17:47:08.404 END: completed in: 57ms, java.lang.Double: #introspectUpTo( TYPE_INTROSPECTED )
2020-06-13 17:47:08.406 START: workQueue.size: 1, waited for: 3196ms, java.math.BigDecimal: #introspectUpTo( TYPE_INTROSPECTED )
2020-06-13 17:47:08.428 END: completed in: 24ms, java.math.BigDecimal: #introspectUpTo( TYPE_INTROSPECTED )
2020-06-13 17:47:08.428 START: workQueue.size: 1, waited for: 3220ms, org.joda.time.DateTime: #introspectUpTo( TYPE_INTROSPECTED )
2020-06-13 17:47:08.436 END: completed in: 66ms, java.math.BigInteger: #introspectUpTo( TYPE_INTROSPECTED )
2020-06-13 17:47:08.437 START: workQueue.size: 1, waited for: 3229ms, org.joda.time.LocalDateTime: #introspectUpTo( TYPE_INTROSPECTED )
2020-06-13 17:47:08.596 END: completed in: 168ms, org.joda.time.DateTime: #introspectUpTo( TYPE_INTROSPECTED )
2020-06-13 17:47:08.596 START: workQueue.size: 1, waited for: 3388ms, org.joda.time.LocalDate: #introspectUpTo( TYPE_INTROSPECTED )
2020-06-13 17:47:08.645 END: completed in: 49ms, org.joda.time.LocalDate: #introspectUpTo( TYPE_INTROSPECTED )
2020-06-13 17:47:08.646 START: workQueue.size: 1, waited for: 3438ms, org.joda.time.LocalTime: #introspectUpTo( TYPE_INTROSPECTED )
2020-06-13 17:47:08.650 END: completed in: 213ms, org.joda.time.LocalDateTime: #introspectUpTo( TYPE_INTROSPECTED )
2020-06-13 17:47:08.651 START: workQueue.size: 1, waited for: 3442ms, java.sql.Timestamp: #introspectUpTo( TYPE_INTROSPECTED )
2020-06-13 17:47:08.672 END: completed in: 21ms, java.sql.Timestamp: #introspectUpTo( TYPE_INTROSPECTED )
2020-06-13 17:47:08.673 START: workQueue.size: 1, waited for: 3465ms, org.apache.isis.applib.value.Blob: #introspectUpTo( TYPE_INTROSPECTED )
2020-06-13 17:47:08.677 END: completed in: 4ms, org.apache.isis.applib.value.Blob: #introspectUpTo( TYPE_INTROSPECTED )
2020-06-13 17:47:08.677 START: workQueue.size: 1, waited for: 3469ms, org.apache.isis.applib.value.Clob: #introspectUpTo( TYPE_INTROSPECTED )
2020-06-13 17:47:08.682 END: completed in: 4ms, org.apache.isis.applib.value.Clob: #introspectUpTo( TYPE_INTROSPECTED )
2020-06-13 17:47:08.684 START: workQueue.size: 1, waited for: 3475ms, org.apache.isis.applib.fixturescripts.FixtureResult: #introspectUpTo( TYPE_INTROSPECTED )
2020-06-13 17:47:08.749 END: completed in: 103ms, org.joda.time.LocalTime: #introspectUpTo( TYPE_INTROSPECTED )
2020-06-13 17:47:08.749 START: workQueue.size: 1, waited for: 3541ms, domainapp.application.services.homepage.HomePageViewModel: #introspectUpTo( TYPE_INTROSPECTED )
2020-06-13 17:47:08.798 END: completed in: 48ms, domainapp.application.services.homepage.HomePageViewModel: #introspectUpTo( TYPE_INTROSPECTED )
2020-06-13 17:47:08.799 START: workQueue.size: 1, waited for: 3591ms, org.apache.isis.applib.domain.DomainObjectList: #introspectUpTo( TYPE_INTROSPECTED )
2020-06-13 17:47:08.832 END: completed in: 149ms, org.apache.isis.applib.fixturescripts.FixtureResult: #introspectUpTo( TYPE_INTROSPECTED )
2020-06-13 17:47:08.833 START: workQueue.size: 1, waited for: 3625ms, domainapp.modules.simple.dom.impl.SimpleObject: #introspectUpTo( TYPE_INTROSPECTED )
2020-06-13 17:47:08.855 END: completed in: 56ms, org.apache.isis.applib.domain.DomainObjectList: #introspectUpTo( TYPE_INTROSPECTED )
2020-06-13 17:47:08.855 START: workQueue.size: 1, waited for: 3647ms, org.apache.isis.applib.services.config.ConfigurationProperty: #introspectUpTo( TYPE_INTROSPECTED )
2020-06-13 17:47:08.863 END: completed in: 8ms, org.apache.isis.applib.services.config.ConfigurationProperty: #introspectUpTo( TYPE_INTROSPECTED )
2020-06-13 17:47:08.863 START: workQueue.size: 1, waited for: 3655ms, org.apache.isis.objectstore.jdo.applib.service.DomainChangeJdoAbstract: #introspectUpTo( TYPE_INTROSPECTED )
2020-06-13 17:47:08.902 END: completed in: 69ms, domainapp.modules.simple.dom.impl.SimpleObject: #introspectUpTo( TYPE_INTROSPECTED )
2020-06-13 17:47:08.903 START: workQueue.size: 1, waited for: 3695ms, org.apache.isis.applib.fixturescripts.SimpleFixtureScript: #introspectUpTo( TYPE_INTROSPECTED )
2020-06-13 17:47:08.922 END: completed in: 59ms, org.apache.isis.objectstore.jdo.applib.service.DomainChangeJdoAbstract: #introspectUpTo( TYPE_INTROSPECTED )
2020-06-13 17:47:08.923 START: workQueue.size: 1, waited for: 3715ms, org.apache.isis.applib.fixturescripts.DiscoverableFixtureScript: #introspectUpTo( TYPE_INTROSPECTED )
2020-06-13 17:47:09.036 END: completed in: 133ms, org.apache.isis.applib.fixturescripts.SimpleFixtureScript: #introspectUpTo( TYPE_INTROSPECTED )
2020-06-13 17:47:09.038 START: workQueue.size: 1, waited for: 3829ms, org.apache.isis.applib.fixturescripts.SimpleFixtureScript: #introspectUpTo( TYPE_INTROSPECTED )
2020-06-13 17:47:09.039 END: completed in: 2ms, org.apache.isis.applib.fixturescripts.SimpleFixtureScript: #introspectUpTo( TYPE_INTROSPECTED )
2020-06-13 17:47:09.039 START: workQueue.size: 1, waited for: 3831ms, org.apache.isis.applib.fixturescripts.FixtureResult: #introspectUpTo( TYPE_INTROSPECTED )
2020-06-13 17:47:09.039 END: completed in: 0ms, org.apache.isis.applib.fixturescripts.FixtureResult: #introspectUpTo( TYPE_INTROSPECTED )
2020-06-13 17:47:09.039 START: workQueue.size: 1, waited for: 3831ms, org.apache.isis.applib.fixturescripts.FixtureScript: #introspectUpTo( TYPE_INTROSPECTED )
2020-06-13 17:47:09.057 END: completed in: 18ms, org.apache.isis.applib.fixturescripts.FixtureScript: #introspectUpTo( TYPE_INTROSPECTED )
2020-06-13 17:47:09.058 START: workQueue.size: 1, waited for: 3849ms, domainapp.application.fixture.scenarios.DomainAppDemo: #introspectUpTo( TYPE_INTROSPECTED )
2020-06-13 17:47:09.067 END: completed in: 10ms, domainapp.application.fixture.scenarios.DomainAppDemo: #introspectUpTo( TYPE_INTROSPECTED )
2020-06-13 17:47:09.091 END: completed in: 168ms, org.apache.isis.applib.fixturescripts.DiscoverableFixtureScript: #introspectUpTo( TYPE_INTROSPECTED )
2020-06-13 17:47:09.146 join'ing 148 tasks: waited 0 milliseconds 
2020-06-13 17:47:09.217 START: workQueue.size: 0, waited for: 10ms, org.apache.isis.core.runtime.system.session.IsisSessionFactory: #introspectUpTo( TYPE_AND_MEMBERS_INTROSPECTED )
2020-06-13 17:47:09.254 START: workQueue.size: 0, waited for: 47ms, org.apache.isis.core.runtime.system.persistence.PersistenceSessionFactory: #introspectUpTo( TYPE_AND_MEMBERS_INTROSPECTED )
2020-06-13 17:47:09.307 END: completed in: 53ms, org.apache.isis.core.runtime.system.persistence.PersistenceSessionFactory: #introspectUpTo( TYPE_AND_MEMBERS_INTROSPECTED )
2020-06-13 17:47:09.307 START: workQueue.size: 0, waited for: 100ms, org.apache.isis.core.metamodel.specloader.SpecificationLoader: #introspectUpTo( TYPE_AND_MEMBERS_INTROSPECTED )
2020-06-13 17:47:09.311 END: completed in: 4ms, org.apache.isis.core.metamodel.specloader.SpecificationLoader: #introspectUpTo( TYPE_AND_MEMBERS_INTROSPECTED )
2020-06-13 17:47:09.312 START: workQueue.size: 0, waited for: 105ms, org.apache.isis.core.runtime.authorization.standard.AuthorizationManagerStandard: #introspectUpTo( TYPE_AND_MEMBERS_INTROSPECTED )
2020-06-13 17:47:09.312 END: completed in: 0ms, org.apache.isis.core.runtime.authorization.standard.AuthorizationManagerStandard: #introspectUpTo( TYPE_AND_MEMBERS_INTROSPECTED )
2020-06-13 17:47:09.313 START: workQueue.size: 0, waited for: 105ms, org.apache.isis.core.runtime.authentication.standard.AuthenticationManagerStandard: #introspectUpTo( TYPE_AND_MEMBERS_INTROSPECTED )
2020-06-13 17:47:09.313 END: completed in: 1ms, org.apache.isis.core.runtime.authentication.standard.AuthenticationManagerStandard: #introspectUpTo( TYPE_AND_MEMBERS_INTROSPECTED )
2020-06-13 17:47:09.313 START: workQueue.size: 0, waited for: 106ms, org.apache.isis.core.commons.config.IsisConfigurationDefault: #introspectUpTo( TYPE_AND_MEMBERS_INTROSPECTED )
2020-06-13 17:47:09.314 END: completed in: 1ms, org.apache.isis.core.commons.config.IsisConfigurationDefault: #introspectUpTo( TYPE_AND_MEMBERS_INTROSPECTED )
2020-06-13 17:47:09.314 START: workQueue.size: 0, waited for: 107ms, org.apache.isis.core.runtime.services.deplcat.DeploymentCategoryProviderDefault: #introspectUpTo( TYPE_AND_MEMBERS_INTROSPECTED )
2020-06-13 17:47:09.314 END: completed in: 0ms, org.apache.isis.core.runtime.services.deplcat.DeploymentCategoryProviderDefault: #introspectUpTo( TYPE_AND_MEMBERS_INTROSPECTED )
2020-06-13 17:47:09.315 START: workQueue.size: 0, waited for: 107ms, org.apache.isis.objectstore.jdo.datanucleus.service.eventbus.EventBusServiceJdo: #introspectUpTo( TYPE_AND_MEMBERS_INTROSPECTED )
2020-06-13 17:47:09.319 END: completed in: 5ms, org.apache.isis.objectstore.jdo.datanucleus.service.eventbus.EventBusServiceJdo: #introspectUpTo( TYPE_AND_MEMBERS_INTROSPECTED )
2020-06-13 17:47:09.320 START: workQueue.size: 0, waited for: 113ms, org.apache.isis.applib.services.queryresultscache.QueryResultsCache$Control: #introspectUpTo( TYPE_AND_MEMBERS_INTROSPECTED )
2020-06-13 17:47:09.322 END: completed in: 2ms, org.apache.isis.applib.services.queryresultscache.QueryResultsCache$Control: #introspectUpTo( TYPE_AND_MEMBERS_INTROSPECTED )
2020-06-13 17:47:09.323 START: workQueue.size: 0, waited for: 115ms, domainapp.modules.simple.dom.impl.SimpleObjects: #introspectUpTo( TYPE_AND_MEMBERS_INTROSPECTED )
2020-06-13 17:47:09.337 END: completed in: 120ms, org.apache.isis.core.runtime.system.session.IsisSessionFactory: #introspectUpTo( TYPE_AND_MEMBERS_INTROSPECTED )
2020-06-13 17:47:09.337 START: workQueue.size: 0, waited for: 130ms, org.apache.isis.applib.services.fixturespec.FixtureScriptsDefault: #introspectUpTo( TYPE_AND_MEMBERS_INTROSPECTED )
2020-06-13 17:47:09.932 END: completed in: 610ms, domainapp.modules.simple.dom.impl.SimpleObjects: #introspectUpTo( TYPE_AND_MEMBERS_INTROSPECTED )
2020-06-13 17:47:09.932 START: workQueue.size: 0, waited for: 725ms, org.apache.isis.applib.services.layout.LayoutServiceMenu: #introspectUpTo( TYPE_AND_MEMBERS_INTROSPECTED )
2020-06-13 17:47:09.952 END: completed in: 615ms, org.apache.isis.applib.services.fixturespec.FixtureScriptsDefault: #introspectUpTo( TYPE_AND_MEMBERS_INTROSPECTED )
2020-06-13 17:47:09.952 START: workQueue.size: 0, waited for: 745ms, org.apache.isis.applib.services.metamodel.MetaModelServicesMenu: #introspectUpTo( TYPE_AND_MEMBERS_INTROSPECTED )
2020-06-13 17:47:09.977 END: completed in: 24ms, org.apache.isis.applib.services.metamodel.MetaModelServicesMenu: #introspectUpTo( TYPE_AND_MEMBERS_INTROSPECTED )
2020-06-13 17:47:09.977 START: workQueue.size: 0, waited for: 770ms, org.apache.isis.applib.services.swagger.SwaggerServiceMenu: #introspectUpTo( TYPE_AND_MEMBERS_INTROSPECTED )
2020-06-13 17:47:10.115 END: completed in: 138ms, org.apache.isis.applib.services.swagger.SwaggerServiceMenu: #introspectUpTo( TYPE_AND_MEMBERS_INTROSPECTED )
2020-06-13 17:47:10.116 START: workQueue.size: 0, waited for: 909ms, org.apache.isis.core.runtime.services.i18n.po.TranslationServicePoMenu: #introspectUpTo( TYPE_AND_MEMBERS_INTROSPECTED )
2020-06-13 17:47:10.209 END: completed in: 277ms, org.apache.isis.applib.services.layout.LayoutServiceMenu: #introspectUpTo( TYPE_AND_MEMBERS_INTROSPECTED )
2020-06-13 17:47:10.209 START: workQueue.size: 0, waited for: 1002ms, org.apache.isis.applib.services.hsqldb.HsqlDbManagerMenu: #introspectUpTo( TYPE_AND_MEMBERS_INTROSPECTED )
2020-06-13 17:47:10.214 END: completed in: 4ms, org.apache.isis.applib.services.hsqldb.HsqlDbManagerMenu: #introspectUpTo( TYPE_AND_MEMBERS_INTROSPECTED )
2020-06-13 17:47:10.214 START: workQueue.size: 0, waited for: 1007ms, org.apache.isis.applib.services.config.ConfigurationServiceMenu: #introspectUpTo( TYPE_AND_MEMBERS_INTROSPECTED )
2020-06-13 17:47:10.223 END: completed in: 9ms, org.apache.isis.applib.services.config.ConfigurationServiceMenu: #introspectUpTo( TYPE_AND_MEMBERS_INTROSPECTED )
2020-06-13 17:47:10.224 START: workQueue.size: 0, waited for: 1017ms, org.apache.isis.applib.conmap.ContentMappingServiceForCommandDto$CopyOverFromCommand: #introspectUpTo( TYPE_AND_MEMBERS_INTROSPECTED )
2020-06-13 17:47:10.229 END: completed in: 5ms, org.apache.isis.applib.conmap.ContentMappingServiceForCommandDto$CopyOverFromCommand: #introspectUpTo( TYPE_AND_MEMBERS_INTROSPECTED )
2020-06-13 17:47:10.229 START: workQueue.size: 0, waited for: 1022ms, domainapp.application.fixture.DomainAppFixtureScriptsSpecificationProvider: #introspectUpTo( TYPE_AND_MEMBERS_INTROSPECTED )
2020-06-13 17:47:10.230 END: completed in: 1ms, domainapp.application.fixture.DomainAppFixtureScriptsSpecificationProvider: #introspectUpTo( TYPE_AND_MEMBERS_INTROSPECTED )
2020-06-13 17:47:10.231 START: workQueue.size: 0, waited for: 1024ms, domainapp.application.services.health.HealthCheckServiceImpl: #introspectUpTo( TYPE_AND_MEMBERS_INTROSPECTED )
2020-06-13 17:47:10.231 END: completed in: 0ms, domainapp.application.services.health.HealthCheckServiceImpl: #introspectUpTo( TYPE_AND_MEMBERS_INTROSPECTED )
2020-06-13 17:47:10.231 START: workQueue.size: 0, waited for: 1024ms, domainapp.application.services.homepage.HomePageService: #introspectUpTo( TYPE_AND_MEMBERS_INTROSPECTED )
2020-06-13 17:47:10.251 END: completed in: 135ms, org.apache.isis.core.runtime.services.i18n.po.TranslationServicePoMenu: #introspectUpTo( TYPE_AND_MEMBERS_INTROSPECTED )
2020-06-13 17:47:10.251 START: workQueue.size: 0, waited for: 1044ms, org.apache.isis.applib.services.dto.DtoMappingHelper: #introspectUpTo( TYPE_AND_MEMBERS_INTROSPECTED )
2020-06-13 17:47:10.252 END: completed in: 1ms, org.apache.isis.applib.services.dto.DtoMappingHelper: #introspectUpTo( TYPE_AND_MEMBERS_INTROSPECTED )
2020-06-13 17:47:10.252 START: workQueue.size: 0, waited for: 1045ms, org.apache.isis.core.runtime.services.background.CommandExecutorServiceDefault: #introspectUpTo( TYPE_AND_MEMBERS_INTROSPECTED )
2020-06-13 17:47:10.252 END: completed in: 0ms, org.apache.isis.core.runtime.services.background.CommandExecutorServiceDefault: #introspectUpTo( TYPE_AND_MEMBERS_INTROSPECTED )
2020-06-13 17:47:10.252 START: workQueue.size: 0, waited for: 1045ms, org.apache.isis.core.runtime.services.menubars.MenuBarsLoaderServiceDefault: #introspectUpTo( TYPE_AND_MEMBERS_INTROSPECTED )
2020-06-13 17:47:10.254 END: completed in: 2ms, org.apache.isis.core.runtime.services.menubars.MenuBarsLoaderServiceDefault: #introspectUpTo( TYPE_AND_MEMBERS_INTROSPECTED )
2020-06-13 17:47:10.254 START: workQueue.size: 0, waited for: 1047ms, org.apache.isis.core.runtime.services.menubars.bootstrap3.MenuBarsServiceBS3: #introspectUpTo( TYPE_AND_MEMBERS_INTROSPECTED )
2020-06-13 17:47:10.255 END: completed in: 1ms, org.apache.isis.core.runtime.services.menubars.bootstrap3.MenuBarsServiceBS3: #introspectUpTo( TYPE_AND_MEMBERS_INTROSPECTED )
2020-06-13 17:47:10.255 START: workQueue.size: 0, waited for: 1048ms, org.apache.isis.core.runtime.services.userprof.UserProfileServiceDefault: #introspectUpTo( TYPE_AND_MEMBERS_INTROSPECTED )
2020-06-13 17:47:10.255 END: completed in: 0ms, org.apache.isis.core.runtime.services.userprof.UserProfileServiceDefault: #introspectUpTo( TYPE_AND_MEMBERS_INTROSPECTED )
2020-06-13 17:47:10.255 START: workQueue.size: 0, waited for: 1048ms, org.apache.isis.viewer.restfulobjects.rendering.service.conneg.ContentNegotiationServiceXRoDomainType: #introspectUpTo( TYPE_AND_MEMBERS_INTROSPECTED )
2020-06-13 17:47:10.256 END: completed in: 0ms, org.apache.isis.viewer.restfulobjects.rendering.service.conneg.ContentNegotiationServiceXRoDomainType: #introspectUpTo( TYPE_AND_MEMBERS_INTROSPECTED )
2020-06-13 17:47:10.256 START: workQueue.size: 0, waited for: 1049ms, org.apache.isis.viewer.restfulobjects.rendering.service.conneg.ContentNegotiationServiceOrgApacheIsisV1: #introspectUpTo( TYPE_AND_MEMBERS_INTROSPECTED )
2020-06-13 17:47:10.256 END: completed in: 0ms, org.apache.isis.viewer.restfulobjects.rendering.service.conneg.ContentNegotiationServiceOrgApacheIsisV1: #introspectUpTo( TYPE_AND_MEMBERS_INTROSPECTED )
2020-06-13 17:47:10.256 START: workQueue.size: 0, waited for: 1049ms, org.apache.isis.core.runtime.services.message.MessageServiceDefault: #introspectUpTo( TYPE_AND_MEMBERS_INTROSPECTED )
2020-06-13 17:47:10.256 END: completed in: 0ms, org.apache.isis.core.runtime.services.message.MessageServiceDefault: #introspectUpTo( TYPE_AND_MEMBERS_INTROSPECTED )
2020-06-13 17:47:10.257 START: workQueue.size: 0, waited for: 1050ms, org.apache.isis.core.runtime.services.persistsession.PersistenceSessionServiceInternalDefault: #introspectUpTo( TYPE_AND_MEMBERS_INTROSPECTED )
2020-06-13 17:47:10.257 END: completed in: 0ms, org.apache.isis.core.runtime.services.persistsession.PersistenceSessionServiceInternalDefault: #introspectUpTo( TYPE_AND_MEMBERS_INTROSPECTED )
2020-06-13 17:47:10.257 START: workQueue.size: 0, waited for: 1050ms, org.apache.isis.applib.annotation.Bulk$InteractionContext: #introspectUpTo( TYPE_AND_MEMBERS_INTROSPECTED )
2020-06-13 17:47:10.258 END: completed in: 1ms, org.apache.isis.applib.annotation.Bulk$InteractionContext: #introspectUpTo( TYPE_AND_MEMBERS_INTROSPECTED )
2020-06-13 17:47:10.258 START: workQueue.size: 0, waited for: 1051ms, org.apache.isis.applib.conmap.ContentMappingServiceForCommandDto: #introspectUpTo( TYPE_AND_MEMBERS_INTROSPECTED )
2020-06-13 17:47:10.259 END: completed in: 1ms, org.apache.isis.applib.conmap.ContentMappingServiceForCommandDto: #introspectUpTo( TYPE_AND_MEMBERS_INTROSPECTED )
2020-06-13 17:47:10.259 START: workQueue.size: 0, waited for: 1052ms, org.apache.isis.applib.conmap.ContentMappingServiceForCommandsDto: #introspectUpTo( TYPE_AND_MEMBERS_INTROSPECTED )
2020-06-13 17:47:10.262 END: completed in: 3ms, org.apache.isis.applib.conmap.ContentMappingServiceForCommandsDto: #introspectUpTo( TYPE_AND_MEMBERS_INTROSPECTED )
2020-06-13 17:47:10.262 START: workQueue.size: 0, waited for: 1055ms, org.apache.isis.applib.fixturescripts.ExecutionParametersService: #introspectUpTo( TYPE_AND_MEMBERS_INTROSPECTED )
2020-06-13 17:47:10.263 END: completed in: 1ms, org.apache.isis.applib.fixturescripts.ExecutionParametersService: #introspectUpTo( TYPE_AND_MEMBERS_INTROSPECTED )
2020-06-13 17:47:10.263 START: workQueue.size: 0, waited for: 1056ms, org.apache.isis.applib.services.actinvoc.ActionInvocationContext: #introspectUpTo( TYPE_AND_MEMBERS_INTROSPECTED )
2020-06-13 17:47:10.263 END: completed in: 0ms, org.apache.isis.applib.services.actinvoc.ActionInvocationContext: #introspectUpTo( TYPE_AND_MEMBERS_INTROSPECTED )
2020-06-13 17:47:10.264 START: workQueue.size: 0, waited for: 1057ms, org.apache.isis.applib.services.audit.AuditerServiceLogging: #introspectUpTo( TYPE_AND_MEMBERS_INTROSPECTED )
2020-06-13 17:47:10.265 END: completed in: 1ms, org.apache.isis.applib.services.audit.AuditerServiceLogging: #introspectUpTo( TYPE_AND_MEMBERS_INTROSPECTED )
2020-06-13 17:47:10.265 START: workQueue.size: 0, waited for: 1058ms, org.apache.isis.applib.services.classdiscovery.ClassDiscoveryServiceUsingReflections: #introspectUpTo( TYPE_AND_MEMBERS_INTROSPECTED )
2020-06-13 17:47:10.265 END: completed in: 0ms, org.apache.isis.applib.services.classdiscovery.ClassDiscoveryServiceUsingReflections: #introspectUpTo( TYPE_AND_MEMBERS_INTROSPECTED )
2020-06-13 17:47:10.265 START: workQueue.size: 0, waited for: 1058ms, org.apache.isis.applib.services.clock.ClockService: #introspectUpTo( TYPE_AND_MEMBERS_INTROSPECTED )
2020-06-13 17:47:10.266 END: completed in: 1ms, org.apache.isis.applib.services.clock.ClockService: #introspectUpTo( TYPE_AND_MEMBERS_INTROSPECTED )
2020-06-13 17:47:10.266 START: workQueue.size: 0, waited for: 1059ms, org.apache.isis.applib.services.command.CommandContext: #introspectUpTo( TYPE_AND_MEMBERS_INTROSPECTED )
2020-06-13 17:47:10.267 END: completed in: 1ms, org.apache.isis.applib.services.command.CommandContext: #introspectUpTo( TYPE_AND_MEMBERS_INTROSPECTED )
2020-06-13 17:47:10.269 START: workQueue.size: 0, waited for: 1061ms, org.apache.isis.applib.services.iactn.InteractionContext: #introspectUpTo( TYPE_AND_MEMBERS_INTROSPECTED )
2020-06-13 17:47:10.272 END: completed in: 4ms, org.apache.isis.applib.services.iactn.InteractionContext: #introspectUpTo( TYPE_AND_MEMBERS_INTROSPECTED )
2020-06-13 17:47:10.272 START: workQueue.size: 0, waited for: 1065ms, org.apache.isis.applib.services.publish.PublisherServiceLogging: #introspectUpTo( TYPE_AND_MEMBERS_INTROSPECTED )
2020-06-13 17:47:10.273 END: completed in: 1ms, org.apache.isis.applib.services.publish.PublisherServiceLogging: #introspectUpTo( TYPE_AND_MEMBERS_INTROSPECTED )
2020-06-13 17:47:10.274 START: workQueue.size: 0, waited for: 1067ms, org.apache.isis.applib.services.queryresultscache.QueryResultsCache: #introspectUpTo( TYPE_AND_MEMBERS_INTROSPECTED )
2020-06-13 17:47:10.274 END: completed in: 0ms, org.apache.isis.applib.services.queryresultscache.QueryResultsCache: #introspectUpTo( TYPE_AND_MEMBERS_INTROSPECTED )
2020-06-13 17:47:10.274 START: workQueue.size: 0, waited for: 1067ms, org.apache.isis.applib.services.routing.RoutingServiceDefault: #introspectUpTo( TYPE_AND_MEMBERS_INTROSPECTED )
2020-06-13 17:47:10.274 END: completed in: 0ms, org.apache.isis.applib.services.routing.RoutingServiceDefault: #introspectUpTo( TYPE_AND_MEMBERS_INTROSPECTED )
2020-06-13 17:47:10.275 START: workQueue.size: 0, waited for: 1068ms, org.apache.isis.applib.services.scratchpad.Scratchpad: #introspectUpTo( TYPE_AND_MEMBERS_INTROSPECTED )
2020-06-13 17:47:10.280 END: completed in: 5ms, org.apache.isis.applib.services.scratchpad.Scratchpad: #introspectUpTo( TYPE_AND_MEMBERS_INTROSPECTED )
2020-06-13 17:47:10.280 START: workQueue.size: 0, waited for: 1073ms, org.apache.isis.applib.services.tablecol.TableColumnOrderService$Default: #introspectUpTo( TYPE_AND_MEMBERS_INTROSPECTED )
2020-06-13 17:47:10.280 END: completed in: 0ms, org.apache.isis.applib.services.tablecol.TableColumnOrderService$Default: #introspectUpTo( TYPE_AND_MEMBERS_INTROSPECTED )
2020-06-13 17:47:10.280 START: workQueue.size: 0, waited for: 1073ms, org.apache.isis.applib.services.urlencoding.UrlEncodingServiceUsingBaseEncoding: #introspectUpTo( TYPE_AND_MEMBERS_INTROSPECTED )
2020-06-13 17:47:10.281 END: completed in: 1ms, org.apache.isis.applib.services.urlencoding.UrlEncodingServiceUsingBaseEncoding: #introspectUpTo( TYPE_AND_MEMBERS_INTROSPECTED )
2020-06-13 17:47:10.281 START: workQueue.size: 0, waited for: 1074ms, org.apache.isis.core.metamodel.services.appfeat.ApplicationFeatureFactory: #introspectUpTo( TYPE_AND_MEMBERS_INTROSPECTED )
2020-06-13 17:47:10.282 END: completed in: 1ms, org.apache.isis.core.metamodel.services.appfeat.ApplicationFeatureFactory: #introspectUpTo( TYPE_AND_MEMBERS_INTROSPECTED )
2020-06-13 17:47:10.282 START: workQueue.size: 0, waited for: 1075ms, org.apache.isis.core.metamodel.services.appfeat.ApplicationFeatureRepositoryDefault: #introspectUpTo( TYPE_AND_MEMBERS_INTROSPECTED )
2020-06-13 17:47:10.283 END: completed in: 1ms, org.apache.isis.core.metamodel.services.appfeat.ApplicationFeatureRepositoryDefault: #introspectUpTo( TYPE_AND_MEMBERS_INTROSPECTED )
2020-06-13 17:47:10.283 START: workQueue.size: 0, waited for: 1076ms, org.apache.isis.core.metamodel.services.bookmarks.BookmarkServiceInternalDefault: #introspectUpTo( TYPE_AND_MEMBERS_INTROSPECTED )
2020-06-13 17:47:10.284 END: completed in: 1ms, org.apache.isis.core.metamodel.services.bookmarks.BookmarkServiceInternalDefault: #introspectUpTo( TYPE_AND_MEMBERS_INTROSPECTED )
2020-06-13 17:47:10.284 START: workQueue.size: 0, waited for: 1077ms, org.apache.isis.core.metamodel.services.config.ConfigurationServiceDefault: #introspectUpTo( TYPE_AND_MEMBERS_INTROSPECTED )
2020-06-13 17:47:10.285 END: completed in: 1ms, org.apache.isis.core.metamodel.services.config.ConfigurationServiceDefault: #introspectUpTo( TYPE_AND_MEMBERS_INTROSPECTED )
2020-06-13 17:47:10.285 START: workQueue.size: 0, waited for: 1078ms, org.apache.isis.core.metamodel.services.container.DomainObjectContainerDefault: #introspectUpTo( TYPE_AND_MEMBERS_INTROSPECTED )
2020-06-13 17:47:10.287 END: completed in: 2ms, org.apache.isis.core.metamodel.services.container.DomainObjectContainerDefault: #introspectUpTo( TYPE_AND_MEMBERS_INTROSPECTED )
2020-06-13 17:47:10.288 START: workQueue.size: 0, waited for: 1081ms, org.apache.isis.core.metamodel.services.factory.FactoryServiceInternalDefault: #introspectUpTo( TYPE_AND_MEMBERS_INTROSPECTED )
2020-06-13 17:47:10.288 END: completed in: 0ms, org.apache.isis.core.metamodel.services.factory.FactoryServiceInternalDefault: #introspectUpTo( TYPE_AND_MEMBERS_INTROSPECTED )
2020-06-13 17:47:10.288 START: workQueue.size: 0, waited for: 1081ms, org.apache.isis.core.metamodel.services.grid.GridLoaderServiceDefault: #introspectUpTo( TYPE_AND_MEMBERS_INTROSPECTED )
2020-06-13 17:47:10.288 END: completed in: 0ms, org.apache.isis.core.metamodel.services.grid.GridLoaderServiceDefault: #introspectUpTo( TYPE_AND_MEMBERS_INTROSPECTED )
2020-06-13 17:47:10.440 END: completed in: 209ms, domainapp.application.services.homepage.HomePageService: #introspectUpTo( TYPE_AND_MEMBERS_INTROSPECTED )
2020-06-13 17:47:10.442 START: workQueue.size: 0, waited for: 1234ms, org.apache.isis.core.metamodel.services.grid.bootstrap3.GridSystemServiceBS3: #introspectUpTo( TYPE_AND_MEMBERS_INTROSPECTED )
2020-06-13 17:47:10.442 END: completed in: 1ms, org.apache.isis.core.metamodel.services.grid.bootstrap3.GridSystemServiceBS3: #introspectUpTo( TYPE_AND_MEMBERS_INTROSPECTED )
2020-06-13 17:47:10.442 START: workQueue.size: 0, waited for: 1235ms, org.apache.isis.core.metamodel.services.layout.LayoutServiceDefault: #introspectUpTo( TYPE_AND_MEMBERS_INTROSPECTED )
2020-06-13 17:47:10.444 END: completed in: 2ms, org.apache.isis.core.metamodel.services.layout.LayoutServiceDefault: #introspectUpTo( TYPE_AND_MEMBERS_INTROSPECTED )
2020-06-13 17:47:10.444 START: workQueue.size: 0, waited for: 1237ms, org.apache.isis.core.metamodel.services.message.MessageServiceNoop: #introspectUpTo( TYPE_AND_MEMBERS_INTROSPECTED )
2020-06-13 17:47:10.445 END: completed in: 1ms, org.apache.isis.core.metamodel.services.message.MessageServiceNoop: #introspectUpTo( TYPE_AND_MEMBERS_INTROSPECTED )
2020-06-13 17:47:10.446 START: workQueue.size: 0, waited for: 1238ms, org.apache.isis.core.metamodel.services.metamodel.MetaModelServiceDefault: #introspectUpTo( TYPE_AND_MEMBERS_INTROSPECTED )
2020-06-13 17:47:10.446 END: completed in: 1ms, org.apache.isis.core.metamodel.services.metamodel.MetaModelServiceDefault: #introspectUpTo( TYPE_AND_MEMBERS_INTROSPECTED )
2020-06-13 17:47:10.446 START: workQueue.size: 0, waited for: 1239ms, org.apache.isis.core.metamodel.services.persistsession.PersistenceSessionServiceInternalNoop: #introspectUpTo( TYPE_AND_MEMBERS_INTROSPECTED )
2020-06-13 17:47:10.446 END: completed in: 0ms, org.apache.isis.core.metamodel.services.persistsession.PersistenceSessionServiceInternalNoop: #introspectUpTo( TYPE_AND_MEMBERS_INTROSPECTED )
2020-06-13 17:47:10.446 START: workQueue.size: 0, waited for: 1239ms, org.apache.isis.core.metamodel.services.registry.ServiceRegistryDefault: #introspectUpTo( TYPE_AND_MEMBERS_INTROSPECTED )
2020-06-13 17:47:10.447 END: completed in: 1ms, org.apache.isis.core.metamodel.services.registry.ServiceRegistryDefault: #introspectUpTo( TYPE_AND_MEMBERS_INTROSPECTED )
2020-06-13 17:47:10.447 START: workQueue.size: 0, waited for: 1240ms, org.apache.isis.core.metamodel.services.repository.RepositoryServiceInternalDefault: #introspectUpTo( TYPE_AND_MEMBERS_INTROSPECTED )
2020-06-13 17:47:10.447 END: completed in: 0ms, org.apache.isis.core.metamodel.services.repository.RepositoryServiceInternalDefault: #introspectUpTo( TYPE_AND_MEMBERS_INTROSPECTED )
2020-06-13 17:47:10.447 START: workQueue.size: 0, waited for: 1240ms, org.apache.isis.core.metamodel.services.swagger.SwaggerServiceDefault: #introspectUpTo( TYPE_AND_MEMBERS_INTROSPECTED )
2020-06-13 17:47:10.448 END: completed in: 1ms, org.apache.isis.core.metamodel.services.swagger.SwaggerServiceDefault: #introspectUpTo( TYPE_AND_MEMBERS_INTROSPECTED )
2020-06-13 17:47:10.449 START: workQueue.size: 0, waited for: 1242ms, org.apache.isis.core.metamodel.services.title.TitleServiceDefault: #introspectUpTo( TYPE_AND_MEMBERS_INTROSPECTED )
2020-06-13 17:47:10.449 END: completed in: 0ms, org.apache.isis.core.metamodel.services.title.TitleServiceDefault: #introspectUpTo( TYPE_AND_MEMBERS_INTROSPECTED )
2020-06-13 17:47:10.449 START: workQueue.size: 0, waited for: 1242ms, org.apache.isis.core.metamodel.services.user.UserServiceDefault: #introspectUpTo( TYPE_AND_MEMBERS_INTROSPECTED )
2020-06-13 17:47:10.450 END: completed in: 0ms, org.apache.isis.core.metamodel.services.user.UserServiceDefault: #introspectUpTo( TYPE_AND_MEMBERS_INTROSPECTED )
2020-06-13 17:47:10.450 START: workQueue.size: 0, waited for: 1243ms, org.apache.isis.core.metamodel.services.user.UserServiceDefault$SudoServiceSpi: #introspectUpTo( TYPE_AND_MEMBERS_INTROSPECTED )
2020-06-13 17:47:10.457 END: completed in: 7ms, org.apache.isis.core.metamodel.services.user.UserServiceDefault$SudoServiceSpi: #introspectUpTo( TYPE_AND_MEMBERS_INTROSPECTED )
2020-06-13 17:47:10.458 START: workQueue.size: 0, waited for: 1251ms, org.apache.isis.core.metamodel.services.xactn.TransactionServiceDefault: #introspectUpTo( TYPE_AND_MEMBERS_INTROSPECTED )
2020-06-13 17:47:10.458 END: completed in: 0ms, org.apache.isis.core.metamodel.services.xactn.TransactionServiceDefault: #introspectUpTo( TYPE_AND_MEMBERS_INTROSPECTED )
2020-06-13 17:47:10.459 START: workQueue.size: 0, waited for: 1251ms, org.apache.isis.core.runtime.services.auditing.AuditingServiceInternal: #introspectUpTo( TYPE_AND_MEMBERS_INTROSPECTED )
2020-06-13 17:47:10.459 END: completed in: 1ms, org.apache.isis.core.runtime.services.auditing.AuditingServiceInternal: #introspectUpTo( TYPE_AND_MEMBERS_INTROSPECTED )
2020-06-13 17:47:10.459 START: workQueue.size: 0, waited for: 1252ms, org.apache.isis.core.runtime.services.authsess.AuthenticationSessionProviderDefault: #introspectUpTo( TYPE_AND_MEMBERS_INTROSPECTED )
2020-06-13 17:47:10.459 END: completed in: 0ms, org.apache.isis.core.runtime.services.authsess.AuthenticationSessionProviderDefault: #introspectUpTo( TYPE_AND_MEMBERS_INTROSPECTED )
2020-06-13 17:47:10.459 START: workQueue.size: 0, waited for: 1252ms, org.apache.isis.core.runtime.services.background.BackgroundServiceDefault: #introspectUpTo( TYPE_AND_MEMBERS_INTROSPECTED )
2020-06-13 17:47:10.460 END: completed in: 0ms, org.apache.isis.core.runtime.services.background.BackgroundServiceDefault: #introspectUpTo( TYPE_AND_MEMBERS_INTROSPECTED )
2020-06-13 17:47:10.460 START: workQueue.size: 0, waited for: 1253ms, org.apache.isis.core.runtime.services.changes.ChangedObjectsServiceInternal: #introspectUpTo( TYPE_AND_MEMBERS_INTROSPECTED )
2020-06-13 17:47:10.460 END: completed in: 0ms, org.apache.isis.core.runtime.services.changes.ChangedObjectsServiceInternal: #introspectUpTo( TYPE_AND_MEMBERS_INTROSPECTED )
2020-06-13 17:47:10.460 START: workQueue.size: 0, waited for: 1253ms, org.apache.isis.core.runtime.services.command.CommandDtoServiceInternalDefault: #introspectUpTo( TYPE_AND_MEMBERS_INTROSPECTED )
2020-06-13 17:47:10.460 END: completed in: 0ms, org.apache.isis.core.runtime.services.command.CommandDtoServiceInternalDefault: #introspectUpTo( TYPE_AND_MEMBERS_INTROSPECTED )
2020-06-13 17:47:10.460 START: workQueue.size: 0, waited for: 1253ms, org.apache.isis.core.runtime.services.command.CommandServiceDefault: #introspectUpTo( TYPE_AND_MEMBERS_INTROSPECTED )
2020-06-13 17:47:10.461 END: completed in: 0ms, org.apache.isis.core.runtime.services.command.CommandServiceDefault: #introspectUpTo( TYPE_AND_MEMBERS_INTROSPECTED )
2020-06-13 17:47:10.461 START: workQueue.size: 0, waited for: 1254ms, org.apache.isis.core.runtime.services.email.EmailServiceDefault: #introspectUpTo( TYPE_AND_MEMBERS_INTROSPECTED )
2020-06-13 17:47:10.461 END: completed in: 0ms, org.apache.isis.core.runtime.services.email.EmailServiceDefault: #introspectUpTo( TYPE_AND_MEMBERS_INTROSPECTED )
2020-06-13 17:47:10.461 START: workQueue.size: 0, waited for: 1254ms, org.apache.isis.core.runtime.services.homepage.HomePageProviderServiceDefault: #introspectUpTo( TYPE_AND_MEMBERS_INTROSPECTED )
2020-06-13 17:47:10.461 END: completed in: 0ms, org.apache.isis.core.runtime.services.homepage.HomePageProviderServiceDefault: #introspectUpTo( TYPE_AND_MEMBERS_INTROSPECTED )
2020-06-13 17:47:10.462 START: workQueue.size: 0, waited for: 1254ms, org.apache.isis.core.runtime.services.i18n.po.TranslationServicePo: #introspectUpTo( TYPE_AND_MEMBERS_INTROSPECTED )
2020-06-13 17:47:10.462 END: completed in: 1ms, org.apache.isis.core.runtime.services.i18n.po.TranslationServicePo: #introspectUpTo( TYPE_AND_MEMBERS_INTROSPECTED )
2020-06-13 17:47:10.462 START: workQueue.size: 0, waited for: 1255ms, org.apache.isis.core.runtime.services.ixn.InteractionDtoServiceInternalDefault: #introspectUpTo( TYPE_AND_MEMBERS_INTROSPECTED )
2020-06-13 17:47:10.462 END: completed in: 0ms, org.apache.isis.core.runtime.services.ixn.InteractionDtoServiceInternalDefault: #introspectUpTo( TYPE_AND_MEMBERS_INTROSPECTED )
2020-06-13 17:47:10.462 START: workQueue.size: 0, waited for: 1255ms, org.apache.isis.core.runtime.services.memento.MementoServiceDefault: #introspectUpTo( TYPE_AND_MEMBERS_INTROSPECTED )
2020-06-13 17:47:10.462 END: completed in: 0ms, org.apache.isis.core.runtime.services.memento.MementoServiceDefault: #introspectUpTo( TYPE_AND_MEMBERS_INTROSPECTED )
2020-06-13 17:47:10.463 START: workQueue.size: 0, waited for: 1256ms, org.apache.isis.core.runtime.services.metrics.MetricsServiceDefault: #introspectUpTo( TYPE_AND_MEMBERS_INTROSPECTED )
2020-06-13 17:47:10.463 END: completed in: 0ms, org.apache.isis.core.runtime.services.metrics.MetricsServiceDefault: #introspectUpTo( TYPE_AND_MEMBERS_INTROSPECTED )
2020-06-13 17:47:10.463 START: workQueue.size: 0, waited for: 1256ms, org.apache.isis.core.runtime.services.publish.PublishingServiceInternalDefault: #introspectUpTo( TYPE_AND_MEMBERS_INTROSPECTED )
2020-06-13 17:47:10.463 END: completed in: 0ms, org.apache.isis.core.runtime.services.publish.PublishingServiceInternalDefault: #introspectUpTo( TYPE_AND_MEMBERS_INTROSPECTED )
2020-06-13 17:47:10.463 START: workQueue.size: 0, waited for: 1256ms, org.apache.isis.core.runtime.services.sessmgmt.SessionManagementServiceDefault: #introspectUpTo( TYPE_AND_MEMBERS_INTROSPECTED )
2020-06-13 17:47:10.464 END: completed in: 0ms, org.apache.isis.core.runtime.services.sessmgmt.SessionManagementServiceDefault: #introspectUpTo( TYPE_AND_MEMBERS_INTROSPECTED )
2020-06-13 17:47:10.464 START: workQueue.size: 0, waited for: 1257ms, org.apache.isis.core.runtime.services.sudo.SudoServiceDefault: #introspectUpTo( TYPE_AND_MEMBERS_INTROSPECTED )
2020-06-13 17:47:10.464 END: completed in: 0ms, org.apache.isis.core.runtime.services.sudo.SudoServiceDefault: #introspectUpTo( TYPE_AND_MEMBERS_INTROSPECTED )
2020-06-13 17:47:10.464 START: workQueue.size: 0, waited for: 1257ms, org.apache.isis.core.runtime.services.userreg.EmailNotificationServiceDefault: #introspectUpTo( TYPE_AND_MEMBERS_INTROSPECTED )
2020-06-13 17:47:10.464 END: completed in: 0ms, org.apache.isis.core.runtime.services.userreg.EmailNotificationServiceDefault: #introspectUpTo( TYPE_AND_MEMBERS_INTROSPECTED )
2020-06-13 17:47:10.464 START: workQueue.size: 0, waited for: 1257ms, org.apache.isis.core.runtime.services.xmlsnapshot.XmlSnapshotServiceDefault: #introspectUpTo( TYPE_AND_MEMBERS_INTROSPECTED )
2020-06-13 17:47:10.465 END: completed in: 0ms, org.apache.isis.core.runtime.services.xmlsnapshot.XmlSnapshotServiceDefault: #introspectUpTo( TYPE_AND_MEMBERS_INTROSPECTED )
2020-06-13 17:47:10.465 START: workQueue.size: 0, waited for: 1258ms, org.apache.isis.core.wrapper.WrapperFactoryDefault: #introspectUpTo( TYPE_AND_MEMBERS_INTROSPECTED )
2020-06-13 17:47:10.465 END: completed in: 0ms, org.apache.isis.core.wrapper.WrapperFactoryDefault: #introspectUpTo( TYPE_AND_MEMBERS_INTROSPECTED )
2020-06-13 17:47:10.465 START: workQueue.size: 0, waited for: 1258ms, org.apache.isis.objectstore.jdo.applib.service.exceprecog.ExceptionRecognizerCompositeForJdoObjectStore: #introspectUpTo( TYPE_AND_MEMBERS_INTROSPECTED )
2020-06-13 17:47:10.466 END: completed in: 1ms, org.apache.isis.objectstore.jdo.applib.service.exceprecog.ExceptionRecognizerCompositeForJdoObjectStore: #introspectUpTo( TYPE_AND_MEMBERS_INTROSPECTED )
2020-06-13 17:47:10.466 START: workQueue.size: 0, waited for: 1259ms, org.apache.isis.objectstore.jdo.datanucleus.service.support.IsisJdoSupportImpl: #introspectUpTo( TYPE_AND_MEMBERS_INTROSPECTED )
2020-06-13 17:47:10.469 END: completed in: 3ms, org.apache.isis.objectstore.jdo.datanucleus.service.support.IsisJdoSupportImpl: #introspectUpTo( TYPE_AND_MEMBERS_INTROSPECTED )
2020-06-13 17:47:10.469 START: workQueue.size: 0, waited for: 1262ms, org.apache.isis.objectstore.jdo.datanucleus.service.support.TimestampService: #introspectUpTo( TYPE_AND_MEMBERS_INTROSPECTED )
2020-06-13 17:47:10.471 END: completed in: 2ms, org.apache.isis.objectstore.jdo.datanucleus.service.support.TimestampService: #introspectUpTo( TYPE_AND_MEMBERS_INTROSPECTED )
2020-06-13 17:47:10.471 START: workQueue.size: 0, waited for: 1264ms, org.apache.isis.schema.services.jaxb.JaxbServiceDefault: #introspectUpTo( TYPE_AND_MEMBERS_INTROSPECTED )
2020-06-13 17:47:10.473 END: completed in: 2ms, org.apache.isis.schema.services.jaxb.JaxbServiceDefault: #introspectUpTo( TYPE_AND_MEMBERS_INTROSPECTED )
2020-06-13 17:47:10.473 START: workQueue.size: 0, waited for: 1266ms, org.apache.isis.viewer.restfulobjects.rendering.service.RepresentationServiceContentNegotiator: #introspectUpTo( TYPE_AND_MEMBERS_INTROSPECTED )
2020-06-13 17:47:10.473 END: completed in: 0ms, org.apache.isis.viewer.restfulobjects.rendering.service.RepresentationServiceContentNegotiator: #introspectUpTo( TYPE_AND_MEMBERS_INTROSPECTED )
2020-06-13 17:47:10.473 START: workQueue.size: 0, waited for: 1266ms, org.apache.isis.viewer.restfulobjects.rendering.service.RepresentationServiceForRestfulObjects: #introspectUpTo( TYPE_AND_MEMBERS_INTROSPECTED )
2020-06-13 17:47:10.474 END: completed in: 0ms, org.apache.isis.viewer.restfulobjects.rendering.service.RepresentationServiceForRestfulObjects: #introspectUpTo( TYPE_AND_MEMBERS_INTROSPECTED )
2020-06-13 17:47:10.474 START: workQueue.size: 0, waited for: 1267ms, org.apache.isis.viewer.restfulobjects.rendering.service.acceptheader.AcceptHeaderServiceForRest: #introspectUpTo( TYPE_AND_MEMBERS_INTROSPECTED )
2020-06-13 17:47:10.474 END: completed in: 0ms, org.apache.isis.viewer.restfulobjects.rendering.service.acceptheader.AcceptHeaderServiceForRest: #introspectUpTo( TYPE_AND_MEMBERS_INTROSPECTED )
2020-06-13 17:47:10.474 START: workQueue.size: 0, waited for: 1267ms, org.apache.isis.viewer.restfulobjects.rendering.service.conneg.ContentNegotiationServiceForRestfulObjectsV1_0: #introspectUpTo( TYPE_AND_MEMBERS_INTROSPECTED )
2020-06-13 17:47:10.474 END: completed in: 0ms, org.apache.isis.viewer.restfulobjects.rendering.service.conneg.ContentNegotiationServiceForRestfulObjectsV1_0: #introspectUpTo( TYPE_AND_MEMBERS_INTROSPECTED )
2020-06-13 17:47:10.475 START: workQueue.size: 0, waited for: 1268ms, org.apache.isis.viewer.wicket.viewer.services.BookmarkUiServiceWicket: #introspectUpTo( TYPE_AND_MEMBERS_INTROSPECTED )
2020-06-13 17:47:10.475 END: completed in: 0ms, org.apache.isis.viewer.wicket.viewer.services.BookmarkUiServiceWicket: #introspectUpTo( TYPE_AND_MEMBERS_INTROSPECTED )
2020-06-13 17:47:10.476 START: workQueue.size: 0, waited for: 1268ms, org.apache.isis.viewer.wicket.viewer.services.DeepLinkServiceWicket: #introspectUpTo( TYPE_AND_MEMBERS_INTROSPECTED )
2020-06-13 17:47:10.476 END: completed in: 1ms, org.apache.isis.viewer.wicket.viewer.services.DeepLinkServiceWicket: #introspectUpTo( TYPE_AND_MEMBERS_INTROSPECTED )
2020-06-13 17:47:10.476 START: workQueue.size: 0, waited for: 1269ms, org.apache.isis.viewer.wicket.viewer.services.GuiceBeanProviderWicket: #introspectUpTo( TYPE_AND_MEMBERS_INTROSPECTED )
2020-06-13 17:47:10.477 END: completed in: 1ms, org.apache.isis.viewer.wicket.viewer.services.GuiceBeanProviderWicket: #introspectUpTo( TYPE_AND_MEMBERS_INTROSPECTED )
2020-06-13 17:47:10.477 START: workQueue.size: 0, waited for: 1270ms, org.apache.isis.viewer.wicket.viewer.services.HintStoreUsingWicketSession: #introspectUpTo( TYPE_AND_MEMBERS_INTROSPECTED )
2020-06-13 17:47:10.477 END: completed in: 0ms, org.apache.isis.viewer.wicket.viewer.services.HintStoreUsingWicketSession: #introspectUpTo( TYPE_AND_MEMBERS_INTROSPECTED )
2020-06-13 17:47:10.478 START: workQueue.size: 0, waited for: 1270ms, org.apache.isis.viewer.wicket.viewer.services.LocaleProviderWicket: #introspectUpTo( TYPE_AND_MEMBERS_INTROSPECTED )
2020-06-13 17:47:10.480 END: completed in: 3ms, org.apache.isis.viewer.wicket.viewer.services.LocaleProviderWicket: #introspectUpTo( TYPE_AND_MEMBERS_INTROSPECTED )
2020-06-13 17:47:10.480 START: workQueue.size: 0, waited for: 1273ms, org.apache.isis.viewer.wicket.viewer.services.TranslationsResolverWicket: #introspectUpTo( TYPE_AND_MEMBERS_INTROSPECTED )
2020-06-13 17:47:10.481 END: completed in: 1ms, org.apache.isis.viewer.wicket.viewer.services.TranslationsResolverWicket: #introspectUpTo( TYPE_AND_MEMBERS_INTROSPECTED )
2020-06-13 17:47:10.483 START: workQueue.size: 0, waited for: 1275ms, org.apache.isis.core.metamodel.services.grid.GridServiceDefault: #introspectUpTo( TYPE_AND_MEMBERS_INTROSPECTED )
2020-06-13 17:47:10.484 END: completed in: 2ms, org.apache.isis.core.metamodel.services.grid.GridServiceDefault: #introspectUpTo( TYPE_AND_MEMBERS_INTROSPECTED )
2020-06-13 17:47:10.485 join'ing 98 tasks: waited 1 milliseconds 
2020-06-13 17:47:10.619 START: workQueue.size: 0, waited for: 1ms, org.apache.isis.viewer.wicket.viewer.services.Object_clearHints: #introspectUpTo( TYPE_AND_MEMBERS_INTROSPECTED )
2020-06-13 17:47:10.631 END: completed in: 12ms, org.apache.isis.viewer.wicket.viewer.services.Object_clearHints: #introspectUpTo( TYPE_AND_MEMBERS_INTROSPECTED )
2020-06-13 17:47:10.638 START: workQueue.size: 0, waited for: 20ms, org.apache.isis.core.metamodel.services.jdosupport.Persistable_datanucleusVersionTimestamp: #introspectUpTo( TYPE_AND_MEMBERS_INTROSPECTED )
2020-06-13 17:47:10.646 END: completed in: 8ms, org.apache.isis.core.metamodel.services.jdosupport.Persistable_datanucleusVersionTimestamp: #introspectUpTo( TYPE_AND_MEMBERS_INTROSPECTED )
2020-06-13 17:47:10.646 START: workQueue.size: 0, waited for: 28ms, org.apache.isis.core.metamodel.services.jdosupport.Persistable_downloadJdoMetadata: #introspectUpTo( TYPE_AND_MEMBERS_INTROSPECTED )
2020-06-13 17:47:10.651 END: completed in: 5ms, org.apache.isis.core.metamodel.services.jdosupport.Persistable_downloadJdoMetadata: #introspectUpTo( TYPE_AND_MEMBERS_INTROSPECTED )
2020-06-13 17:47:10.653 START: workQueue.size: 0, waited for: 35ms, org.apache.isis.applib.services.dto.Dto_downloadXsd: #introspectUpTo( TYPE_AND_MEMBERS_INTROSPECTED )
2020-06-13 17:47:10.675 END: completed in: 21ms, org.apache.isis.applib.services.dto.Dto_downloadXsd: #introspectUpTo( TYPE_AND_MEMBERS_INTROSPECTED )
2020-06-13 17:47:10.678 START: workQueue.size: 0, waited for: 60ms, org.apache.isis.applib.services.layout.Object_rebuildMetamodel: #introspectUpTo( TYPE_AND_MEMBERS_INTROSPECTED )
2020-06-13 17:47:10.685 END: completed in: 7ms, org.apache.isis.applib.services.layout.Object_rebuildMetamodel: #introspectUpTo( TYPE_AND_MEMBERS_INTROSPECTED )
2020-06-13 17:47:10.685 START: workQueue.size: 0, waited for: 67ms, org.apache.isis.applib.services.layout.Object_downloadLayoutXml: #introspectUpTo( TYPE_AND_MEMBERS_INTROSPECTED )
2020-06-13 17:47:10.694 START: workQueue.size: 0, waited for: 76ms, org.apache.isis.core.metamodel.services.jdosupport.Persistable_datanucleusVersionLong: #introspectUpTo( TYPE_AND_MEMBERS_INTROSPECTED )
2020-06-13 17:47:10.707 END: completed in: 13ms, org.apache.isis.core.metamodel.services.jdosupport.Persistable_datanucleusVersionLong: #introspectUpTo( TYPE_AND_MEMBERS_INTROSPECTED )
2020-06-13 17:47:10.708 START: workQueue.size: 0, waited for: 90ms, org.apache.isis.applib.services.bookmark.BookmarkHolder_lookup: #introspectUpTo( TYPE_AND_MEMBERS_INTROSPECTED )
2020-06-13 17:47:10.710 END: completed in: 2ms, org.apache.isis.applib.services.bookmark.BookmarkHolder_lookup: #introspectUpTo( TYPE_AND_MEMBERS_INTROSPECTED )
2020-06-13 17:47:10.711 START: workQueue.size: 0, waited for: 93ms, org.apache.isis.applib.services.bookmark.BookmarkHolder_object: #introspectUpTo( TYPE_AND_MEMBERS_INTROSPECTED )
2020-06-13 17:47:10.715 END: completed in: 4ms, org.apache.isis.applib.services.bookmark.BookmarkHolder_object: #introspectUpTo( TYPE_AND_MEMBERS_INTROSPECTED )
2020-06-13 17:47:10.716 START: workQueue.size: 0, waited for: 97ms, org.apache.isis.core.metamodel.services.jdosupport.Persistable_datanucleusIdLong: #introspectUpTo( TYPE_AND_MEMBERS_INTROSPECTED )
2020-06-13 17:47:10.719 END: completed in: 4ms, org.apache.isis.core.metamodel.services.jdosupport.Persistable_datanucleusIdLong: #introspectUpTo( TYPE_AND_MEMBERS_INTROSPECTED )
2020-06-13 17:47:10.720 START: workQueue.size: 0, waited for: 102ms, org.apache.isis.applib.services.dto.Dto_downloadXml: #introspectUpTo( TYPE_AND_MEMBERS_INTROSPECTED )
2020-06-13 17:47:10.725 END: completed in: 40ms, org.apache.isis.applib.services.layout.Object_downloadLayoutXml: #introspectUpTo( TYPE_AND_MEMBERS_INTROSPECTED )
2020-06-13 17:47:10.725 START: workQueue.size: 0, waited for: 107ms, org.apache.isis.applib.services.layout.Object_openRestApi: #introspectUpTo( TYPE_AND_MEMBERS_INTROSPECTED )
2020-06-13 17:47:10.729 END: completed in: 4ms, org.apache.isis.applib.services.layout.Object_openRestApi: #introspectUpTo( TYPE_AND_MEMBERS_INTROSPECTED )
2020-06-13 17:47:10.767 END: completed in: 47ms, org.apache.isis.applib.services.dto.Dto_downloadXml: #introspectUpTo( TYPE_AND_MEMBERS_INTROSPECTED )
2020-06-13 17:47:10.767 join'ing 12 tasks: waited 0 milliseconds 
2020-06-13 17:47:10.782 END: completed in: 6717ms, SpecificationLoader#init()
2020-06-13 17:47:12.702 END: completed in: 8682ms, persistenceSessionFactory#init(...)
2020-06-13 17:47:12.702 join'ing 5 tasks: waited 0 milliseconds 
2020-06-13 17:47:13.748 join'ing 3 tasks: waited 0 milliseconds 
